<?xml version="1.0" encoding="UTF-8"?>
<!-- Generated by org.testng.reporters.JUnitXMLReporter -->
<testsuite hostname="LMTN202461" name="Default test" tests="4" failures="0" timestamp="30 Dec 2014 17:58:12 GMT" time="142.553" errors="0">
  <testcase name="Provisioncopy" time="129.341" classname="com.maax.businessmanager.common.provision_copy_defect_Test"/>
  <testcase name="Provisioncopy" time="3.818" classname="com.maax.businessmanager.common.provision_copy_defect_Test"/>
  <testcase name="Provisioncopy" time="4.457" classname="com.maax.businessmanager.common.provision_copy_defect_Test"/>
  <testcase name="Provisioncopy" time="4.116" classname="com.maax.businessmanager.common.provision_copy_defect_Test"/>
</testsuite> <!-- Default test -->
