<?xml version="1.0" encoding="UTF-8"?>
<testng-results skipped="0" failed="8" total="18" passed="10">
  <reporter-output>
  </reporter-output>
  <suite name="commonTest" duration-ms="331150" started-at="2015-02-18T11:59:13Z" finished-at="2015-02-18T12:04:44Z">
    <groups>
    </groups>
    <test name="Test 4" duration-ms="331150" started-at="2015-02-18T11:59:13Z" finished-at="2015-02-18T12:04:44Z">
      <class name="com.maax.businessmanager.common.provision_copy_defect_Test">
        <test-method status="FAIL" signature="Provisioncopy(java.util.Hashtable)" name="Provisioncopy" duration-ms="38257" started-at="2015-02-18T11:59:14Z" finished-at="2015-02-18T11:59:52Z">
          <params>
            <param index="0">
              <value>
                <![CDATA[{Successmess=Data Updated Successfully, LOB=Life, Username=bcchase, Result=, Runmode=Y, Benefit=Member Life, copypagecode=DEC3025, Password=Welcome1, copypagestatus=Inforce, copypagedesc=DEC3015DESC, Browser=Firefox}]]>
              </value>
            </param>
          </params>
          <exception class="org.openqa.selenium.NoSuchElementException">
            <message>
              <![CDATA[Unable to locate element: {"method":"xpath","selector":"//div[contains(@id,'connection-working') and contains(@class,'iceOutConStatActv') and contains(@style,'visibility: visible')]"}
Command duration or timeout: 15 milliseconds
For documentation on this error, please visit: http://seleniumhq.org/exceptions/no_such_element.html
Build info: version: '2.44.0', revision: '76d78cf323ce037c5f92db6c1bba601c2ac43ad8', time: '2014-10-23 13:11:40'
System info: host: 'LMTN202461', ip: '167.74.108.52', os.name: 'Windows 7', os.arch: 'amd64', os.version: '6.1', java.version: '1.8.0_25'
Driver info: org.openqa.selenium.firefox.FirefoxDriver
Capabilities [{applicationCacheEnabled=true, rotatable=false, handlesAlerts=true, databaseEnabled=true, version=31.4.0, platform=WINDOWS, nativeEvents=true, acceptSslCerts=true, webStorageEnabled=true, locationContextEnabled=true, browserName=firefox, takesScreenshot=true, javascriptEnabled=true, cssSelectorsEnabled=true}]
Session ID: 4585e2aa-ad2a-4608-b17e-6f7ad43bfaed]]>
            </message>
            <full-stacktrace>
              <![CDATA[org.openqa.selenium.NoSuchElementException: Unable to locate element: {"method":"xpath","selector":"//div[contains(@id,'connection-working') and contains(@class,'iceOutConStatActv') and contains(@style,'visibility: visible')]"}
Command duration or timeout: 15 milliseconds
For documentation on this error, please visit: http://seleniumhq.org/exceptions/no_such_element.html
Build info: version: '2.44.0', revision: '76d78cf323ce037c5f92db6c1bba601c2ac43ad8', time: '2014-10-23 13:11:40'
System info: host: 'LMTN202461', ip: '167.74.108.52', os.name: 'Windows 7', os.arch: 'amd64', os.version: '6.1', java.version: '1.8.0_25'
Driver info: org.openqa.selenium.firefox.FirefoxDriver
Capabilities [{applicationCacheEnabled=true, rotatable=false, handlesAlerts=true, databaseEnabled=true, version=31.4.0, platform=WINDOWS, nativeEvents=true, acceptSslCerts=true, webStorageEnabled=true, locationContextEnabled=true, browserName=firefox, takesScreenshot=true, javascriptEnabled=true, cssSelectorsEnabled=true}]
Session ID: 4585e2aa-ad2a-4608-b17e-6f7ad43bfaed
	at sun.reflect.NativeConstructorAccessorImpl.newInstance0(Native Method)
	at sun.reflect.NativeConstructorAccessorImpl.newInstance(NativeConstructorAccessorImpl.java:62)
	at sun.reflect.DelegatingConstructorAccessorImpl.newInstance(DelegatingConstructorAccessorImpl.java:45)
	at java.lang.reflect.Constructor.newInstance(Constructor.java:408)
	at org.openqa.selenium.remote.ErrorHandler.createThrowable(ErrorHandler.java:204)
	at org.openqa.selenium.remote.ErrorHandler.throwIfResponseFailed(ErrorHandler.java:156)
	at org.openqa.selenium.remote.RemoteWebDriver.execute(RemoteWebDriver.java:599)
	at org.openqa.selenium.remote.RemoteWebDriver.findElement(RemoteWebDriver.java:352)
	at org.openqa.selenium.remote.RemoteWebDriver.findElementByXPath(RemoteWebDriver.java:449)
	at org.openqa.selenium.By$ByXPath.findElement(By.java:357)
	at org.openqa.selenium.remote.RemoteWebDriver.findElement(RemoteWebDriver.java:344)
	at com.maax.businessmanager.util.TestBase.dynamicwait(TestBase.java:249)
	at com.maax.businessmanager.common.provision_copy_defect_Test.Provisioncopy(provision_copy_defect_Test.java:89)
	at sun.reflect.NativeMethodAccessorImpl.invoke0(Native Method)
	at sun.reflect.NativeMethodAccessorImpl.invoke(NativeMethodAccessorImpl.java:62)
	at sun.reflect.DelegatingMethodAccessorImpl.invoke(DelegatingMethodAccessorImpl.java:43)
	at java.lang.reflect.Method.invoke(Method.java:483)
	at org.testng.internal.MethodInvocationHelper.invokeMethod(MethodInvocationHelper.java:80)
	at org.testng.internal.Invoker.invokeMethod(Invoker.java:673)
	at org.testng.internal.Invoker.invokeTestMethod(Invoker.java:842)
	at org.testng.internal.Invoker.invokeTestMethods(Invoker.java:1166)
	at org.testng.internal.TestMethodWorker.invokeTestMethods(TestMethodWorker.java:125)
	at org.testng.internal.TestMethodWorker.run(TestMethodWorker.java:109)
	at org.testng.TestRunner.runWorkers(TestRunner.java:1178)
	at org.testng.TestRunner.privateRun(TestRunner.java:757)
	at org.testng.TestRunner.run(TestRunner.java:608)
	at org.testng.SuiteRunner.runTest(SuiteRunner.java:334)
	at org.testng.SuiteRunner.runSequentially(SuiteRunner.java:329)
	at org.testng.SuiteRunner.privateRun(SuiteRunner.java:291)
	at org.testng.SuiteRunner.run(SuiteRunner.java:240)
	at org.testng.SuiteRunnerWorker.runSuite(SuiteRunnerWorker.java:52)
	at org.testng.SuiteRunnerWorker.run(SuiteRunnerWorker.java:86)
	at org.testng.TestNG.runSuitesSequentially(TestNG.java:1158)
	at org.testng.TestNG.runSuitesSequentially(TestNG.java:1154)
	at org.testng.TestNG.runSuitesLocally(TestNG.java:1083)
	at org.testng.TestNG.run(TestNG.java:999)
	at org.apache.maven.surefire.testng.TestNGExecutor.run(TestNGExecutor.java:178)
	at org.apache.maven.surefire.testng.TestNGXmlTestSuite.execute(TestNGXmlTestSuite.java:92)
	at org.apache.maven.surefire.testng.TestNGProvider.invoke(TestNGProvider.java:96)
	at sun.reflect.NativeMethodAccessorImpl.invoke0(Native Method)
	at sun.reflect.NativeMethodAccessorImpl.invoke(NativeMethodAccessorImpl.java:62)
	at sun.reflect.DelegatingMethodAccessorImpl.invoke(DelegatingMethodAccessorImpl.java:43)
	at java.lang.reflect.Method.invoke(Method.java:483)
	at org.apache.maven.surefire.util.ReflectionUtils.invokeMethodWithArray(ReflectionUtils.java:189)
	at org.apache.maven.surefire.booter.ProviderFactory$ProviderProxy.invoke(ProviderFactory.java:165)
	at org.apache.maven.surefire.booter.ProviderFactory.invokeProvider(ProviderFactory.java:85)
	at org.apache.maven.surefire.booter.ForkedBooter.runSuitesInProcess(ForkedBooter.java:115)
	at org.apache.maven.surefire.booter.ForkedBooter.main(ForkedBooter.java:75)
Caused by: org.openqa.selenium.NoSuchElementException: Unable to locate element: {"method":"xpath","selector":"//div[contains(@id,'connection-working') and contains(@class,'iceOutConStatActv') and contains(@style,'visibility: visible')]"}
For documentation on this error, please visit: http://seleniumhq.org/exceptions/no_such_element.html
Build info: version: '2.44.0', revision: '76d78cf323ce037c5f92db6c1bba601c2ac43ad8', time: '2014-10-23 13:11:40'
System info: host: 'LMTN202461', ip: '167.74.108.52', os.name: 'Windows 7', os.arch: 'amd64', os.version: '6.1', java.version: '1.8.0_25'
Driver info: driver.version: unknown
	at <anonymous class>.FirefoxDriver.prototype.findElementInternal_(file:///C:/Users/othnvun/AppData/Local/Temp/anonymous8014481421836216495webdriver-profile/extensions/fxdriver@googlecode.com/components/driver-component.js:9641:133)
	at <anonymous class>.FirefoxDriver.prototype.findElement(file:///C:/Users/othnvun/AppData/Local/Temp/anonymous8014481421836216495webdriver-profile/extensions/fxdriver@googlecode.com/components/driver-component.js:9650:3)
	at <anonymous class>.DelayedCommand.prototype.executeInternal_/h(file:///C:/Users/othnvun/AppData/Local/Temp/anonymous8014481421836216495webdriver-profile/extensions/fxdriver@googlecode.com/components/command-processor.js:11635:16)
	at <anonymous class>.DelayedCommand.prototype.executeInternal_(file:///C:/Users/othnvun/AppData/Local/Temp/anonymous8014481421836216495webdriver-profile/extensions/fxdriver@googlecode.com/components/command-processor.js:11640:7)
	at <anonymous class>.DelayedCommand.prototype.execute/<(file:///C:/Users/othnvun/AppData/Local/Temp/anonymous8014481421836216495webdriver-profile/extensions/fxdriver@googlecode.com/components/command-processor.js:11582:5)
]]>
            </full-stacktrace>
          </exception>
        </test-method>
        <test-method status="FAIL" signature="Provisioncopy(java.util.Hashtable)" name="Provisioncopy" duration-ms="31656" started-at="2015-02-18T11:59:52Z" finished-at="2015-02-18T12:00:24Z">
          <params>
            <param index="0">
              <value>
                <![CDATA[{Successmess=Data Updated Successfully, LOB=AD&D, Username=bcchase, Result=, Runmode=Y, Benefit=Member AD&D, copypagecode=DEC3025, Password=Welcome1, copypagestatus=Inforce, copypagedesc=DEC3015DESC, Browser=Firefox}]]>
              </value>
            </param>
          </params>
          <exception class="org.openqa.selenium.NoSuchElementException">
            <message>
              <![CDATA[Unable to locate element: {"method":"xpath","selector":"//div[contains(@id,'connection-working') and contains(@class,'iceOutConStatActv') and contains(@style,'visibility: visible')]"}
Command duration or timeout: 9 milliseconds
For documentation on this error, please visit: http://seleniumhq.org/exceptions/no_such_element.html
Build info: version: '2.44.0', revision: '76d78cf323ce037c5f92db6c1bba601c2ac43ad8', time: '2014-10-23 13:11:40'
System info: host: 'LMTN202461', ip: '167.74.108.52', os.name: 'Windows 7', os.arch: 'amd64', os.version: '6.1', java.version: '1.8.0_25'
Driver info: org.openqa.selenium.firefox.FirefoxDriver
Capabilities [{applicationCacheEnabled=true, rotatable=false, handlesAlerts=true, databaseEnabled=true, version=31.4.0, platform=WINDOWS, nativeEvents=true, acceptSslCerts=true, webStorageEnabled=true, locationContextEnabled=true, browserName=firefox, takesScreenshot=true, javascriptEnabled=true, cssSelectorsEnabled=true}]
Session ID: b15d4a34-b2f3-47c2-9def-9cdf1f9cc79c]]>
            </message>
            <full-stacktrace>
              <![CDATA[org.openqa.selenium.NoSuchElementException: Unable to locate element: {"method":"xpath","selector":"//div[contains(@id,'connection-working') and contains(@class,'iceOutConStatActv') and contains(@style,'visibility: visible')]"}
Command duration or timeout: 9 milliseconds
For documentation on this error, please visit: http://seleniumhq.org/exceptions/no_such_element.html
Build info: version: '2.44.0', revision: '76d78cf323ce037c5f92db6c1bba601c2ac43ad8', time: '2014-10-23 13:11:40'
System info: host: 'LMTN202461', ip: '167.74.108.52', os.name: 'Windows 7', os.arch: 'amd64', os.version: '6.1', java.version: '1.8.0_25'
Driver info: org.openqa.selenium.firefox.FirefoxDriver
Capabilities [{applicationCacheEnabled=true, rotatable=false, handlesAlerts=true, databaseEnabled=true, version=31.4.0, platform=WINDOWS, nativeEvents=true, acceptSslCerts=true, webStorageEnabled=true, locationContextEnabled=true, browserName=firefox, takesScreenshot=true, javascriptEnabled=true, cssSelectorsEnabled=true}]
Session ID: b15d4a34-b2f3-47c2-9def-9cdf1f9cc79c
	at sun.reflect.NativeConstructorAccessorImpl.newInstance0(Native Method)
	at sun.reflect.NativeConstructorAccessorImpl.newInstance(NativeConstructorAccessorImpl.java:62)
	at sun.reflect.DelegatingConstructorAccessorImpl.newInstance(DelegatingConstructorAccessorImpl.java:45)
	at java.lang.reflect.Constructor.newInstance(Constructor.java:408)
	at org.openqa.selenium.remote.ErrorHandler.createThrowable(ErrorHandler.java:204)
	at org.openqa.selenium.remote.ErrorHandler.throwIfResponseFailed(ErrorHandler.java:156)
	at org.openqa.selenium.remote.RemoteWebDriver.execute(RemoteWebDriver.java:599)
	at org.openqa.selenium.remote.RemoteWebDriver.findElement(RemoteWebDriver.java:352)
	at org.openqa.selenium.remote.RemoteWebDriver.findElementByXPath(RemoteWebDriver.java:449)
	at org.openqa.selenium.By$ByXPath.findElement(By.java:357)
	at org.openqa.selenium.remote.RemoteWebDriver.findElement(RemoteWebDriver.java:344)
	at com.maax.businessmanager.util.TestBase.dynamicwait(TestBase.java:249)
	at com.maax.businessmanager.common.provision_copy_defect_Test.Provisioncopy(provision_copy_defect_Test.java:89)
	at sun.reflect.NativeMethodAccessorImpl.invoke0(Native Method)
	at sun.reflect.NativeMethodAccessorImpl.invoke(NativeMethodAccessorImpl.java:62)
	at sun.reflect.DelegatingMethodAccessorImpl.invoke(DelegatingMethodAccessorImpl.java:43)
	at java.lang.reflect.Method.invoke(Method.java:483)
	at org.testng.internal.MethodInvocationHelper.invokeMethod(MethodInvocationHelper.java:80)
	at org.testng.internal.Invoker.invokeMethod(Invoker.java:673)
	at org.testng.internal.Invoker.invokeTestMethod(Invoker.java:842)
	at org.testng.internal.Invoker.invokeTestMethods(Invoker.java:1166)
	at org.testng.internal.TestMethodWorker.invokeTestMethods(TestMethodWorker.java:125)
	at org.testng.internal.TestMethodWorker.run(TestMethodWorker.java:109)
	at org.testng.TestRunner.runWorkers(TestRunner.java:1178)
	at org.testng.TestRunner.privateRun(TestRunner.java:757)
	at org.testng.TestRunner.run(TestRunner.java:608)
	at org.testng.SuiteRunner.runTest(SuiteRunner.java:334)
	at org.testng.SuiteRunner.runSequentially(SuiteRunner.java:329)
	at org.testng.SuiteRunner.privateRun(SuiteRunner.java:291)
	at org.testng.SuiteRunner.run(SuiteRunner.java:240)
	at org.testng.SuiteRunnerWorker.runSuite(SuiteRunnerWorker.java:52)
	at org.testng.SuiteRunnerWorker.run(SuiteRunnerWorker.java:86)
	at org.testng.TestNG.runSuitesSequentially(TestNG.java:1158)
	at org.testng.TestNG.runSuitesSequentially(TestNG.java:1154)
	at org.testng.TestNG.runSuitesLocally(TestNG.java:1083)
	at org.testng.TestNG.run(TestNG.java:999)
	at org.apache.maven.surefire.testng.TestNGExecutor.run(TestNGExecutor.java:178)
	at org.apache.maven.surefire.testng.TestNGXmlTestSuite.execute(TestNGXmlTestSuite.java:92)
	at org.apache.maven.surefire.testng.TestNGProvider.invoke(TestNGProvider.java:96)
	at sun.reflect.NativeMethodAccessorImpl.invoke0(Native Method)
	at sun.reflect.NativeMethodAccessorImpl.invoke(NativeMethodAccessorImpl.java:62)
	at sun.reflect.DelegatingMethodAccessorImpl.invoke(DelegatingMethodAccessorImpl.java:43)
	at java.lang.reflect.Method.invoke(Method.java:483)
	at org.apache.maven.surefire.util.ReflectionUtils.invokeMethodWithArray(ReflectionUtils.java:189)
	at org.apache.maven.surefire.booter.ProviderFactory$ProviderProxy.invoke(ProviderFactory.java:165)
	at org.apache.maven.surefire.booter.ProviderFactory.invokeProvider(ProviderFactory.java:85)
	at org.apache.maven.surefire.booter.ForkedBooter.runSuitesInProcess(ForkedBooter.java:115)
	at org.apache.maven.surefire.booter.ForkedBooter.main(ForkedBooter.java:75)
Caused by: org.openqa.selenium.NoSuchElementException: Unable to locate element: {"method":"xpath","selector":"//div[contains(@id,'connection-working') and contains(@class,'iceOutConStatActv') and contains(@style,'visibility: visible')]"}
For documentation on this error, please visit: http://seleniumhq.org/exceptions/no_such_element.html
Build info: version: '2.44.0', revision: '76d78cf323ce037c5f92db6c1bba601c2ac43ad8', time: '2014-10-23 13:11:40'
System info: host: 'LMTN202461', ip: '167.74.108.52', os.name: 'Windows 7', os.arch: 'amd64', os.version: '6.1', java.version: '1.8.0_25'
Driver info: driver.version: unknown
	at <anonymous class>.FirefoxDriver.prototype.findElementInternal_(file:///C:/Users/othnvun/AppData/Local/Temp/anonymous6668945412590525596webdriver-profile/extensions/fxdriver@googlecode.com/components/driver-component.js:9641:133)
	at <anonymous class>.FirefoxDriver.prototype.findElement(file:///C:/Users/othnvun/AppData/Local/Temp/anonymous6668945412590525596webdriver-profile/extensions/fxdriver@googlecode.com/components/driver-component.js:9650:3)
	at <anonymous class>.DelayedCommand.prototype.executeInternal_/h(file:///C:/Users/othnvun/AppData/Local/Temp/anonymous6668945412590525596webdriver-profile/extensions/fxdriver@googlecode.com/components/command-processor.js:11635:16)
	at <anonymous class>.DelayedCommand.prototype.executeInternal_(file:///C:/Users/othnvun/AppData/Local/Temp/anonymous6668945412590525596webdriver-profile/extensions/fxdriver@googlecode.com/components/command-processor.js:11640:7)
	at <anonymous class>.DelayedCommand.prototype.execute/<(file:///C:/Users/othnvun/AppData/Local/Temp/anonymous6668945412590525596webdriver-profile/extensions/fxdriver@googlecode.com/components/command-processor.js:11582:5)
]]>
            </full-stacktrace>
          </exception>
        </test-method>
        <test-method status="FAIL" signature="Provisioncopy(java.util.Hashtable)" name="Provisioncopy" duration-ms="31445" started-at="2015-02-18T12:00:24Z" finished-at="2015-02-18T12:00:55Z">
          <params>
            <param index="0">
              <value>
                <![CDATA[{Successmess=Data Updated Successfully, LOB=Income Replacement, Username=bcchase, Result=, Runmode=Y, Benefit=STD, copypagecode=DEC3025, Password=Welcome1, copypagestatus=Inforce, copypagedesc=DEC3015DESC, Browser=Firefox}]]>
              </value>
            </param>
          </params>
          <exception class="org.openqa.selenium.NoSuchElementException">
            <message>
              <![CDATA[Unable to locate element: {"method":"xpath","selector":"//div[contains(@id,'connection-working') and contains(@class,'iceOutConStatActv') and contains(@style,'visibility: visible')]"}
Command duration or timeout: 12 milliseconds
For documentation on this error, please visit: http://seleniumhq.org/exceptions/no_such_element.html
Build info: version: '2.44.0', revision: '76d78cf323ce037c5f92db6c1bba601c2ac43ad8', time: '2014-10-23 13:11:40'
System info: host: 'LMTN202461', ip: '167.74.108.52', os.name: 'Windows 7', os.arch: 'amd64', os.version: '6.1', java.version: '1.8.0_25'
Driver info: org.openqa.selenium.firefox.FirefoxDriver
Capabilities [{applicationCacheEnabled=true, rotatable=false, handlesAlerts=true, databaseEnabled=true, version=31.4.0, platform=WINDOWS, nativeEvents=true, acceptSslCerts=true, webStorageEnabled=true, locationContextEnabled=true, browserName=firefox, takesScreenshot=true, javascriptEnabled=true, cssSelectorsEnabled=true}]
Session ID: 3429a9c7-2b85-4ff3-a68b-36cfa6a0c706]]>
            </message>
            <full-stacktrace>
              <![CDATA[org.openqa.selenium.NoSuchElementException: Unable to locate element: {"method":"xpath","selector":"//div[contains(@id,'connection-working') and contains(@class,'iceOutConStatActv') and contains(@style,'visibility: visible')]"}
Command duration or timeout: 12 milliseconds
For documentation on this error, please visit: http://seleniumhq.org/exceptions/no_such_element.html
Build info: version: '2.44.0', revision: '76d78cf323ce037c5f92db6c1bba601c2ac43ad8', time: '2014-10-23 13:11:40'
System info: host: 'LMTN202461', ip: '167.74.108.52', os.name: 'Windows 7', os.arch: 'amd64', os.version: '6.1', java.version: '1.8.0_25'
Driver info: org.openqa.selenium.firefox.FirefoxDriver
Capabilities [{applicationCacheEnabled=true, rotatable=false, handlesAlerts=true, databaseEnabled=true, version=31.4.0, platform=WINDOWS, nativeEvents=true, acceptSslCerts=true, webStorageEnabled=true, locationContextEnabled=true, browserName=firefox, takesScreenshot=true, javascriptEnabled=true, cssSelectorsEnabled=true}]
Session ID: 3429a9c7-2b85-4ff3-a68b-36cfa6a0c706
	at sun.reflect.NativeConstructorAccessorImpl.newInstance0(Native Method)
	at sun.reflect.NativeConstructorAccessorImpl.newInstance(NativeConstructorAccessorImpl.java:62)
	at sun.reflect.DelegatingConstructorAccessorImpl.newInstance(DelegatingConstructorAccessorImpl.java:45)
	at java.lang.reflect.Constructor.newInstance(Constructor.java:408)
	at org.openqa.selenium.remote.ErrorHandler.createThrowable(ErrorHandler.java:204)
	at org.openqa.selenium.remote.ErrorHandler.throwIfResponseFailed(ErrorHandler.java:156)
	at org.openqa.selenium.remote.RemoteWebDriver.execute(RemoteWebDriver.java:599)
	at org.openqa.selenium.remote.RemoteWebDriver.findElement(RemoteWebDriver.java:352)
	at org.openqa.selenium.remote.RemoteWebDriver.findElementByXPath(RemoteWebDriver.java:449)
	at org.openqa.selenium.By$ByXPath.findElement(By.java:357)
	at org.openqa.selenium.remote.RemoteWebDriver.findElement(RemoteWebDriver.java:344)
	at com.maax.businessmanager.util.TestBase.dynamicwait(TestBase.java:249)
	at com.maax.businessmanager.common.provision_copy_defect_Test.Provisioncopy(provision_copy_defect_Test.java:89)
	at sun.reflect.NativeMethodAccessorImpl.invoke0(Native Method)
	at sun.reflect.NativeMethodAccessorImpl.invoke(NativeMethodAccessorImpl.java:62)
	at sun.reflect.DelegatingMethodAccessorImpl.invoke(DelegatingMethodAccessorImpl.java:43)
	at java.lang.reflect.Method.invoke(Method.java:483)
	at org.testng.internal.MethodInvocationHelper.invokeMethod(MethodInvocationHelper.java:80)
	at org.testng.internal.Invoker.invokeMethod(Invoker.java:673)
	at org.testng.internal.Invoker.invokeTestMethod(Invoker.java:842)
	at org.testng.internal.Invoker.invokeTestMethods(Invoker.java:1166)
	at org.testng.internal.TestMethodWorker.invokeTestMethods(TestMethodWorker.java:125)
	at org.testng.internal.TestMethodWorker.run(TestMethodWorker.java:109)
	at org.testng.TestRunner.runWorkers(TestRunner.java:1178)
	at org.testng.TestRunner.privateRun(TestRunner.java:757)
	at org.testng.TestRunner.run(TestRunner.java:608)
	at org.testng.SuiteRunner.runTest(SuiteRunner.java:334)
	at org.testng.SuiteRunner.runSequentially(SuiteRunner.java:329)
	at org.testng.SuiteRunner.privateRun(SuiteRunner.java:291)
	at org.testng.SuiteRunner.run(SuiteRunner.java:240)
	at org.testng.SuiteRunnerWorker.runSuite(SuiteRunnerWorker.java:52)
	at org.testng.SuiteRunnerWorker.run(SuiteRunnerWorker.java:86)
	at org.testng.TestNG.runSuitesSequentially(TestNG.java:1158)
	at org.testng.TestNG.runSuitesSequentially(TestNG.java:1154)
	at org.testng.TestNG.runSuitesLocally(TestNG.java:1083)
	at org.testng.TestNG.run(TestNG.java:999)
	at org.apache.maven.surefire.testng.TestNGExecutor.run(TestNGExecutor.java:178)
	at org.apache.maven.surefire.testng.TestNGXmlTestSuite.execute(TestNGXmlTestSuite.java:92)
	at org.apache.maven.surefire.testng.TestNGProvider.invoke(TestNGProvider.java:96)
	at sun.reflect.NativeMethodAccessorImpl.invoke0(Native Method)
	at sun.reflect.NativeMethodAccessorImpl.invoke(NativeMethodAccessorImpl.java:62)
	at sun.reflect.DelegatingMethodAccessorImpl.invoke(DelegatingMethodAccessorImpl.java:43)
	at java.lang.reflect.Method.invoke(Method.java:483)
	at org.apache.maven.surefire.util.ReflectionUtils.invokeMethodWithArray(ReflectionUtils.java:189)
	at org.apache.maven.surefire.booter.ProviderFactory$ProviderProxy.invoke(ProviderFactory.java:165)
	at org.apache.maven.surefire.booter.ProviderFactory.invokeProvider(ProviderFactory.java:85)
	at org.apache.maven.surefire.booter.ForkedBooter.runSuitesInProcess(ForkedBooter.java:115)
	at org.apache.maven.surefire.booter.ForkedBooter.main(ForkedBooter.java:75)
Caused by: org.openqa.selenium.NoSuchElementException: Unable to locate element: {"method":"xpath","selector":"//div[contains(@id,'connection-working') and contains(@class,'iceOutConStatActv') and contains(@style,'visibility: visible')]"}
For documentation on this error, please visit: http://seleniumhq.org/exceptions/no_such_element.html
Build info: version: '2.44.0', revision: '76d78cf323ce037c5f92db6c1bba601c2ac43ad8', time: '2014-10-23 13:11:40'
System info: host: 'LMTN202461', ip: '167.74.108.52', os.name: 'Windows 7', os.arch: 'amd64', os.version: '6.1', java.version: '1.8.0_25'
Driver info: driver.version: unknown
	at <anonymous class>.FirefoxDriver.prototype.findElementInternal_(file:///C:/Users/othnvun/AppData/Local/Temp/anonymous3025438996023006925webdriver-profile/extensions/fxdriver@googlecode.com/components/driver-component.js:9641:133)
	at <anonymous class>.FirefoxDriver.prototype.findElement(file:///C:/Users/othnvun/AppData/Local/Temp/anonymous3025438996023006925webdriver-profile/extensions/fxdriver@googlecode.com/components/driver-component.js:9650:3)
	at <anonymous class>.DelayedCommand.prototype.executeInternal_/h(file:///C:/Users/othnvun/AppData/Local/Temp/anonymous3025438996023006925webdriver-profile/extensions/fxdriver@googlecode.com/components/command-processor.js:11635:16)
	at <anonymous class>.DelayedCommand.prototype.executeInternal_(file:///C:/Users/othnvun/AppData/Local/Temp/anonymous3025438996023006925webdriver-profile/extensions/fxdriver@googlecode.com/components/command-processor.js:11640:7)
	at <anonymous class>.DelayedCommand.prototype.execute/<(file:///C:/Users/othnvun/AppData/Local/Temp/anonymous3025438996023006925webdriver-profile/extensions/fxdriver@googlecode.com/components/command-processor.js:11582:5)
]]>
            </full-stacktrace>
          </exception>
        </test-method>
        <test-method status="FAIL" signature="Provisioncopy(java.util.Hashtable)" name="Provisioncopy" duration-ms="31385" started-at="2015-02-18T12:00:55Z" finished-at="2015-02-18T12:01:26Z">
          <params>
            <param index="0">
              <value>
                <![CDATA[{Successmess=Data Updated Successfully, LOB=Income Replacement, Username=bcchase, Result=, Runmode=Y, Benefit=LTD, copypagecode=DEC3025, Password=Welcome1, copypagestatus=Inforce, copypagedesc=DEC3015DESC, Browser=Firefox}]]>
              </value>
            </param>
          </params>
          <exception class="org.openqa.selenium.NoSuchElementException">
            <message>
              <![CDATA[Unable to locate element: {"method":"xpath","selector":"//div[contains(@id,'connection-working') and contains(@class,'iceOutConStatActv') and contains(@style,'visibility: visible')]"}
Command duration or timeout: 10 milliseconds
For documentation on this error, please visit: http://seleniumhq.org/exceptions/no_such_element.html
Build info: version: '2.44.0', revision: '76d78cf323ce037c5f92db6c1bba601c2ac43ad8', time: '2014-10-23 13:11:40'
System info: host: 'LMTN202461', ip: '167.74.108.52', os.name: 'Windows 7', os.arch: 'amd64', os.version: '6.1', java.version: '1.8.0_25'
Driver info: org.openqa.selenium.firefox.FirefoxDriver
Capabilities [{applicationCacheEnabled=true, rotatable=false, handlesAlerts=true, databaseEnabled=true, version=31.4.0, platform=WINDOWS, nativeEvents=true, acceptSslCerts=true, webStorageEnabled=true, locationContextEnabled=true, browserName=firefox, takesScreenshot=true, javascriptEnabled=true, cssSelectorsEnabled=true}]
Session ID: 564b4ef5-a8a5-40da-9c65-83c2c9d82f71]]>
            </message>
            <full-stacktrace>
              <![CDATA[org.openqa.selenium.NoSuchElementException: Unable to locate element: {"method":"xpath","selector":"//div[contains(@id,'connection-working') and contains(@class,'iceOutConStatActv') and contains(@style,'visibility: visible')]"}
Command duration or timeout: 10 milliseconds
For documentation on this error, please visit: http://seleniumhq.org/exceptions/no_such_element.html
Build info: version: '2.44.0', revision: '76d78cf323ce037c5f92db6c1bba601c2ac43ad8', time: '2014-10-23 13:11:40'
System info: host: 'LMTN202461', ip: '167.74.108.52', os.name: 'Windows 7', os.arch: 'amd64', os.version: '6.1', java.version: '1.8.0_25'
Driver info: org.openqa.selenium.firefox.FirefoxDriver
Capabilities [{applicationCacheEnabled=true, rotatable=false, handlesAlerts=true, databaseEnabled=true, version=31.4.0, platform=WINDOWS, nativeEvents=true, acceptSslCerts=true, webStorageEnabled=true, locationContextEnabled=true, browserName=firefox, takesScreenshot=true, javascriptEnabled=true, cssSelectorsEnabled=true}]
Session ID: 564b4ef5-a8a5-40da-9c65-83c2c9d82f71
	at sun.reflect.GeneratedConstructorAccessor31.newInstance(Unknown Source)
	at sun.reflect.DelegatingConstructorAccessorImpl.newInstance(DelegatingConstructorAccessorImpl.java:45)
	at java.lang.reflect.Constructor.newInstance(Constructor.java:408)
	at org.openqa.selenium.remote.ErrorHandler.createThrowable(ErrorHandler.java:204)
	at org.openqa.selenium.remote.ErrorHandler.throwIfResponseFailed(ErrorHandler.java:156)
	at org.openqa.selenium.remote.RemoteWebDriver.execute(RemoteWebDriver.java:599)
	at org.openqa.selenium.remote.RemoteWebDriver.findElement(RemoteWebDriver.java:352)
	at org.openqa.selenium.remote.RemoteWebDriver.findElementByXPath(RemoteWebDriver.java:449)
	at org.openqa.selenium.By$ByXPath.findElement(By.java:357)
	at org.openqa.selenium.remote.RemoteWebDriver.findElement(RemoteWebDriver.java:344)
	at com.maax.businessmanager.util.TestBase.dynamicwait(TestBase.java:249)
	at com.maax.businessmanager.common.provision_copy_defect_Test.Provisioncopy(provision_copy_defect_Test.java:89)
	at sun.reflect.NativeMethodAccessorImpl.invoke0(Native Method)
	at sun.reflect.NativeMethodAccessorImpl.invoke(NativeMethodAccessorImpl.java:62)
	at sun.reflect.DelegatingMethodAccessorImpl.invoke(DelegatingMethodAccessorImpl.java:43)
	at java.lang.reflect.Method.invoke(Method.java:483)
	at org.testng.internal.MethodInvocationHelper.invokeMethod(MethodInvocationHelper.java:80)
	at org.testng.internal.Invoker.invokeMethod(Invoker.java:673)
	at org.testng.internal.Invoker.invokeTestMethod(Invoker.java:842)
	at org.testng.internal.Invoker.invokeTestMethods(Invoker.java:1166)
	at org.testng.internal.TestMethodWorker.invokeTestMethods(TestMethodWorker.java:125)
	at org.testng.internal.TestMethodWorker.run(TestMethodWorker.java:109)
	at org.testng.TestRunner.runWorkers(TestRunner.java:1178)
	at org.testng.TestRunner.privateRun(TestRunner.java:757)
	at org.testng.TestRunner.run(TestRunner.java:608)
	at org.testng.SuiteRunner.runTest(SuiteRunner.java:334)
	at org.testng.SuiteRunner.runSequentially(SuiteRunner.java:329)
	at org.testng.SuiteRunner.privateRun(SuiteRunner.java:291)
	at org.testng.SuiteRunner.run(SuiteRunner.java:240)
	at org.testng.SuiteRunnerWorker.runSuite(SuiteRunnerWorker.java:52)
	at org.testng.SuiteRunnerWorker.run(SuiteRunnerWorker.java:86)
	at org.testng.TestNG.runSuitesSequentially(TestNG.java:1158)
	at org.testng.TestNG.runSuitesSequentially(TestNG.java:1154)
	at org.testng.TestNG.runSuitesLocally(TestNG.java:1083)
	at org.testng.TestNG.run(TestNG.java:999)
	at org.apache.maven.surefire.testng.TestNGExecutor.run(TestNGExecutor.java:178)
	at org.apache.maven.surefire.testng.TestNGXmlTestSuite.execute(TestNGXmlTestSuite.java:92)
	at org.apache.maven.surefire.testng.TestNGProvider.invoke(TestNGProvider.java:96)
	at sun.reflect.NativeMethodAccessorImpl.invoke0(Native Method)
	at sun.reflect.NativeMethodAccessorImpl.invoke(NativeMethodAccessorImpl.java:62)
	at sun.reflect.DelegatingMethodAccessorImpl.invoke(DelegatingMethodAccessorImpl.java:43)
	at java.lang.reflect.Method.invoke(Method.java:483)
	at org.apache.maven.surefire.util.ReflectionUtils.invokeMethodWithArray(ReflectionUtils.java:189)
	at org.apache.maven.surefire.booter.ProviderFactory$ProviderProxy.invoke(ProviderFactory.java:165)
	at org.apache.maven.surefire.booter.ProviderFactory.invokeProvider(ProviderFactory.java:85)
	at org.apache.maven.surefire.booter.ForkedBooter.runSuitesInProcess(ForkedBooter.java:115)
	at org.apache.maven.surefire.booter.ForkedBooter.main(ForkedBooter.java:75)
Caused by: org.openqa.selenium.NoSuchElementException: Unable to locate element: {"method":"xpath","selector":"//div[contains(@id,'connection-working') and contains(@class,'iceOutConStatActv') and contains(@style,'visibility: visible')]"}
For documentation on this error, please visit: http://seleniumhq.org/exceptions/no_such_element.html
Build info: version: '2.44.0', revision: '76d78cf323ce037c5f92db6c1bba601c2ac43ad8', time: '2014-10-23 13:11:40'
System info: host: 'LMTN202461', ip: '167.74.108.52', os.name: 'Windows 7', os.arch: 'amd64', os.version: '6.1', java.version: '1.8.0_25'
Driver info: driver.version: unknown
	at <anonymous class>.FirefoxDriver.prototype.findElementInternal_(file:///C:/Users/othnvun/AppData/Local/Temp/anonymous1110575283838732933webdriver-profile/extensions/fxdriver@googlecode.com/components/driver-component.js:9641:133)
	at <anonymous class>.FirefoxDriver.prototype.findElement(file:///C:/Users/othnvun/AppData/Local/Temp/anonymous1110575283838732933webdriver-profile/extensions/fxdriver@googlecode.com/components/driver-component.js:9650:3)
	at <anonymous class>.DelayedCommand.prototype.executeInternal_/h(file:///C:/Users/othnvun/AppData/Local/Temp/anonymous1110575283838732933webdriver-profile/extensions/fxdriver@googlecode.com/components/command-processor.js:11635:16)
	at <anonymous class>.DelayedCommand.prototype.executeInternal_(file:///C:/Users/othnvun/AppData/Local/Temp/anonymous1110575283838732933webdriver-profile/extensions/fxdriver@googlecode.com/components/command-processor.js:11640:7)
	at <anonymous class>.DelayedCommand.prototype.execute/<(file:///C:/Users/othnvun/AppData/Local/Temp/anonymous1110575283838732933webdriver-profile/extensions/fxdriver@googlecode.com/components/command-processor.js:11582:5)
]]>
            </full-stacktrace>
          </exception>
        </test-method>
        <test-method status="FAIL" signature="Provisioncopy(java.util.Hashtable)" name="Provisioncopy" duration-ms="31082" started-at="2015-02-18T12:01:26Z" finished-at="2015-02-18T12:01:58Z">
          <params>
            <param index="0">
              <value>
                <![CDATA[{Successmess=Data Updated Successfully, LOB=AD&D, Username=bcchase, Result=, Runmode=Y, Benefit=Optional AD&D, copypagecode=DEC3025, Password=Welcome1, copypagestatus=Inforce, copypagedesc=DEC3015DESC, Browser=Firefox}]]>
              </value>
            </param>
          </params>
          <exception class="org.openqa.selenium.NoSuchElementException">
            <message>
              <![CDATA[Unable to locate element: {"method":"xpath","selector":"//div[contains(@id,'connection-working') and contains(@class,'iceOutConStatActv') and contains(@style,'visibility: visible')]"}
Command duration or timeout: 9 milliseconds
For documentation on this error, please visit: http://seleniumhq.org/exceptions/no_such_element.html
Build info: version: '2.44.0', revision: '76d78cf323ce037c5f92db6c1bba601c2ac43ad8', time: '2014-10-23 13:11:40'
System info: host: 'LMTN202461', ip: '167.74.108.52', os.name: 'Windows 7', os.arch: 'amd64', os.version: '6.1', java.version: '1.8.0_25'
Driver info: org.openqa.selenium.firefox.FirefoxDriver
Capabilities [{applicationCacheEnabled=true, rotatable=false, handlesAlerts=true, databaseEnabled=true, version=31.4.0, platform=WINDOWS, nativeEvents=true, acceptSslCerts=true, webStorageEnabled=true, locationContextEnabled=true, browserName=firefox, takesScreenshot=true, javascriptEnabled=true, cssSelectorsEnabled=true}]
Session ID: 383361ab-4346-4d05-bfe9-fe4094a207f0]]>
            </message>
            <full-stacktrace>
              <![CDATA[org.openqa.selenium.NoSuchElementException: Unable to locate element: {"method":"xpath","selector":"//div[contains(@id,'connection-working') and contains(@class,'iceOutConStatActv') and contains(@style,'visibility: visible')]"}
Command duration or timeout: 9 milliseconds
For documentation on this error, please visit: http://seleniumhq.org/exceptions/no_such_element.html
Build info: version: '2.44.0', revision: '76d78cf323ce037c5f92db6c1bba601c2ac43ad8', time: '2014-10-23 13:11:40'
System info: host: 'LMTN202461', ip: '167.74.108.52', os.name: 'Windows 7', os.arch: 'amd64', os.version: '6.1', java.version: '1.8.0_25'
Driver info: org.openqa.selenium.firefox.FirefoxDriver
Capabilities [{applicationCacheEnabled=true, rotatable=false, handlesAlerts=true, databaseEnabled=true, version=31.4.0, platform=WINDOWS, nativeEvents=true, acceptSslCerts=true, webStorageEnabled=true, locationContextEnabled=true, browserName=firefox, takesScreenshot=true, javascriptEnabled=true, cssSelectorsEnabled=true}]
Session ID: 383361ab-4346-4d05-bfe9-fe4094a207f0
	at sun.reflect.GeneratedConstructorAccessor31.newInstance(Unknown Source)
	at sun.reflect.DelegatingConstructorAccessorImpl.newInstance(DelegatingConstructorAccessorImpl.java:45)
	at java.lang.reflect.Constructor.newInstance(Constructor.java:408)
	at org.openqa.selenium.remote.ErrorHandler.createThrowable(ErrorHandler.java:204)
	at org.openqa.selenium.remote.ErrorHandler.throwIfResponseFailed(ErrorHandler.java:156)
	at org.openqa.selenium.remote.RemoteWebDriver.execute(RemoteWebDriver.java:599)
	at org.openqa.selenium.remote.RemoteWebDriver.findElement(RemoteWebDriver.java:352)
	at org.openqa.selenium.remote.RemoteWebDriver.findElementByXPath(RemoteWebDriver.java:449)
	at org.openqa.selenium.By$ByXPath.findElement(By.java:357)
	at org.openqa.selenium.remote.RemoteWebDriver.findElement(RemoteWebDriver.java:344)
	at com.maax.businessmanager.util.TestBase.dynamicwait(TestBase.java:249)
	at com.maax.businessmanager.common.provision_copy_defect_Test.Provisioncopy(provision_copy_defect_Test.java:89)
	at sun.reflect.NativeMethodAccessorImpl.invoke0(Native Method)
	at sun.reflect.NativeMethodAccessorImpl.invoke(NativeMethodAccessorImpl.java:62)
	at sun.reflect.DelegatingMethodAccessorImpl.invoke(DelegatingMethodAccessorImpl.java:43)
	at java.lang.reflect.Method.invoke(Method.java:483)
	at org.testng.internal.MethodInvocationHelper.invokeMethod(MethodInvocationHelper.java:80)
	at org.testng.internal.Invoker.invokeMethod(Invoker.java:673)
	at org.testng.internal.Invoker.invokeTestMethod(Invoker.java:842)
	at org.testng.internal.Invoker.invokeTestMethods(Invoker.java:1166)
	at org.testng.internal.TestMethodWorker.invokeTestMethods(TestMethodWorker.java:125)
	at org.testng.internal.TestMethodWorker.run(TestMethodWorker.java:109)
	at org.testng.TestRunner.runWorkers(TestRunner.java:1178)
	at org.testng.TestRunner.privateRun(TestRunner.java:757)
	at org.testng.TestRunner.run(TestRunner.java:608)
	at org.testng.SuiteRunner.runTest(SuiteRunner.java:334)
	at org.testng.SuiteRunner.runSequentially(SuiteRunner.java:329)
	at org.testng.SuiteRunner.privateRun(SuiteRunner.java:291)
	at org.testng.SuiteRunner.run(SuiteRunner.java:240)
	at org.testng.SuiteRunnerWorker.runSuite(SuiteRunnerWorker.java:52)
	at org.testng.SuiteRunnerWorker.run(SuiteRunnerWorker.java:86)
	at org.testng.TestNG.runSuitesSequentially(TestNG.java:1158)
	at org.testng.TestNG.runSuitesSequentially(TestNG.java:1154)
	at org.testng.TestNG.runSuitesLocally(TestNG.java:1083)
	at org.testng.TestNG.run(TestNG.java:999)
	at org.apache.maven.surefire.testng.TestNGExecutor.run(TestNGExecutor.java:178)
	at org.apache.maven.surefire.testng.TestNGXmlTestSuite.execute(TestNGXmlTestSuite.java:92)
	at org.apache.maven.surefire.testng.TestNGProvider.invoke(TestNGProvider.java:96)
	at sun.reflect.NativeMethodAccessorImpl.invoke0(Native Method)
	at sun.reflect.NativeMethodAccessorImpl.invoke(NativeMethodAccessorImpl.java:62)
	at sun.reflect.DelegatingMethodAccessorImpl.invoke(DelegatingMethodAccessorImpl.java:43)
	at java.lang.reflect.Method.invoke(Method.java:483)
	at org.apache.maven.surefire.util.ReflectionUtils.invokeMethodWithArray(ReflectionUtils.java:189)
	at org.apache.maven.surefire.booter.ProviderFactory$ProviderProxy.invoke(ProviderFactory.java:165)
	at org.apache.maven.surefire.booter.ProviderFactory.invokeProvider(ProviderFactory.java:85)
	at org.apache.maven.surefire.booter.ForkedBooter.runSuitesInProcess(ForkedBooter.java:115)
	at org.apache.maven.surefire.booter.ForkedBooter.main(ForkedBooter.java:75)
Caused by: org.openqa.selenium.NoSuchElementException: Unable to locate element: {"method":"xpath","selector":"//div[contains(@id,'connection-working') and contains(@class,'iceOutConStatActv') and contains(@style,'visibility: visible')]"}
For documentation on this error, please visit: http://seleniumhq.org/exceptions/no_such_element.html
Build info: version: '2.44.0', revision: '76d78cf323ce037c5f92db6c1bba601c2ac43ad8', time: '2014-10-23 13:11:40'
System info: host: 'LMTN202461', ip: '167.74.108.52', os.name: 'Windows 7', os.arch: 'amd64', os.version: '6.1', java.version: '1.8.0_25'
Driver info: driver.version: unknown
	at <anonymous class>.FirefoxDriver.prototype.findElementInternal_(file:///C:/Users/othnvun/AppData/Local/Temp/anonymous5108139089750429172webdriver-profile/extensions/fxdriver@googlecode.com/components/driver-component.js:9641:133)
	at <anonymous class>.FirefoxDriver.prototype.findElement(file:///C:/Users/othnvun/AppData/Local/Temp/anonymous5108139089750429172webdriver-profile/extensions/fxdriver@googlecode.com/components/driver-component.js:9650:3)
	at <anonymous class>.DelayedCommand.prototype.executeInternal_/h(file:///C:/Users/othnvun/AppData/Local/Temp/anonymous5108139089750429172webdriver-profile/extensions/fxdriver@googlecode.com/components/command-processor.js:11635:16)
	at <anonymous class>.DelayedCommand.prototype.executeInternal_(file:///C:/Users/othnvun/AppData/Local/Temp/anonymous5108139089750429172webdriver-profile/extensions/fxdriver@googlecode.com/components/command-processor.js:11640:7)
	at <anonymous class>.DelayedCommand.prototype.execute/<(file:///C:/Users/othnvun/AppData/Local/Temp/anonymous5108139089750429172webdriver-profile/extensions/fxdriver@googlecode.com/components/command-processor.js:11582:5)
]]>
            </full-stacktrace>
          </exception>
        </test-method>
        <test-method status="PASS" signature="Provisioncopy(java.util.Hashtable)" name="Provisioncopy" duration-ms="32403" started-at="2015-02-18T12:01:58Z" finished-at="2015-02-18T12:02:30Z">
          <params>
            <param index="0">
              <value>
                <![CDATA[{Successmess=Data Updated Successfully, LOB=Life, Username=bcchase, Result=, Runmode=Y, Benefit=Optional Member Life, copypagecode=DEC3025, Password=Welcome1, copypagestatus=Inforce, copypagedesc=DEC3015DESC, Browser=Firefox}]]>
              </value>
            </param>
          </params>
        </test-method>
        <test-method status="FAIL" signature="Provisioncopy(java.util.Hashtable)" name="Provisioncopy" duration-ms="30764" started-at="2015-02-18T12:02:30Z" finished-at="2015-02-18T12:03:01Z">
          <params>
            <param index="0">
              <value>
                <![CDATA[{Successmess=Data Updated Successfully, LOB=Life, Username=bcchase, Result=, Runmode=Y, Benefit=Opt Spousal Life, copypagecode=DEC3025, Password=Welcome1, copypagestatus=Inforce, copypagedesc=DEC3015DESC, Browser=Firefox}]]>
              </value>
            </param>
          </params>
          <exception class="org.openqa.selenium.NoSuchElementException">
            <message>
              <![CDATA[Unable to locate element: {"method":"xpath","selector":"//div[contains(@id,'connection-working') and contains(@class,'iceOutConStatActv') and contains(@style,'visibility: visible')]"}
Command duration or timeout: 8 milliseconds
For documentation on this error, please visit: http://seleniumhq.org/exceptions/no_such_element.html
Build info: version: '2.44.0', revision: '76d78cf323ce037c5f92db6c1bba601c2ac43ad8', time: '2014-10-23 13:11:40'
System info: host: 'LMTN202461', ip: '167.74.108.52', os.name: 'Windows 7', os.arch: 'amd64', os.version: '6.1', java.version: '1.8.0_25'
Driver info: org.openqa.selenium.firefox.FirefoxDriver
Capabilities [{applicationCacheEnabled=true, rotatable=false, handlesAlerts=true, databaseEnabled=true, version=31.4.0, platform=WINDOWS, nativeEvents=true, acceptSslCerts=true, webStorageEnabled=true, locationContextEnabled=true, browserName=firefox, takesScreenshot=true, javascriptEnabled=true, cssSelectorsEnabled=true}]
Session ID: d081365e-d57b-49ce-acea-3ce690ee8a6e]]>
            </message>
            <full-stacktrace>
              <![CDATA[org.openqa.selenium.NoSuchElementException: Unable to locate element: {"method":"xpath","selector":"//div[contains(@id,'connection-working') and contains(@class,'iceOutConStatActv') and contains(@style,'visibility: visible')]"}
Command duration or timeout: 8 milliseconds
For documentation on this error, please visit: http://seleniumhq.org/exceptions/no_such_element.html
Build info: version: '2.44.0', revision: '76d78cf323ce037c5f92db6c1bba601c2ac43ad8', time: '2014-10-23 13:11:40'
System info: host: 'LMTN202461', ip: '167.74.108.52', os.name: 'Windows 7', os.arch: 'amd64', os.version: '6.1', java.version: '1.8.0_25'
Driver info: org.openqa.selenium.firefox.FirefoxDriver
Capabilities [{applicationCacheEnabled=true, rotatable=false, handlesAlerts=true, databaseEnabled=true, version=31.4.0, platform=WINDOWS, nativeEvents=true, acceptSslCerts=true, webStorageEnabled=true, locationContextEnabled=true, browserName=firefox, takesScreenshot=true, javascriptEnabled=true, cssSelectorsEnabled=true}]
Session ID: d081365e-d57b-49ce-acea-3ce690ee8a6e
	at sun.reflect.GeneratedConstructorAccessor31.newInstance(Unknown Source)
	at sun.reflect.DelegatingConstructorAccessorImpl.newInstance(DelegatingConstructorAccessorImpl.java:45)
	at java.lang.reflect.Constructor.newInstance(Constructor.java:408)
	at org.openqa.selenium.remote.ErrorHandler.createThrowable(ErrorHandler.java:204)
	at org.openqa.selenium.remote.ErrorHandler.throwIfResponseFailed(ErrorHandler.java:156)
	at org.openqa.selenium.remote.RemoteWebDriver.execute(RemoteWebDriver.java:599)
	at org.openqa.selenium.remote.RemoteWebDriver.findElement(RemoteWebDriver.java:352)
	at org.openqa.selenium.remote.RemoteWebDriver.findElementByXPath(RemoteWebDriver.java:449)
	at org.openqa.selenium.By$ByXPath.findElement(By.java:357)
	at org.openqa.selenium.remote.RemoteWebDriver.findElement(RemoteWebDriver.java:344)
	at com.maax.businessmanager.util.TestBase.dynamicwait(TestBase.java:249)
	at com.maax.businessmanager.common.provision_copy_defect_Test.Provisioncopy(provision_copy_defect_Test.java:89)
	at sun.reflect.NativeMethodAccessorImpl.invoke0(Native Method)
	at sun.reflect.NativeMethodAccessorImpl.invoke(NativeMethodAccessorImpl.java:62)
	at sun.reflect.DelegatingMethodAccessorImpl.invoke(DelegatingMethodAccessorImpl.java:43)
	at java.lang.reflect.Method.invoke(Method.java:483)
	at org.testng.internal.MethodInvocationHelper.invokeMethod(MethodInvocationHelper.java:80)
	at org.testng.internal.Invoker.invokeMethod(Invoker.java:673)
	at org.testng.internal.Invoker.invokeTestMethod(Invoker.java:842)
	at org.testng.internal.Invoker.invokeTestMethods(Invoker.java:1166)
	at org.testng.internal.TestMethodWorker.invokeTestMethods(TestMethodWorker.java:125)
	at org.testng.internal.TestMethodWorker.run(TestMethodWorker.java:109)
	at org.testng.TestRunner.runWorkers(TestRunner.java:1178)
	at org.testng.TestRunner.privateRun(TestRunner.java:757)
	at org.testng.TestRunner.run(TestRunner.java:608)
	at org.testng.SuiteRunner.runTest(SuiteRunner.java:334)
	at org.testng.SuiteRunner.runSequentially(SuiteRunner.java:329)
	at org.testng.SuiteRunner.privateRun(SuiteRunner.java:291)
	at org.testng.SuiteRunner.run(SuiteRunner.java:240)
	at org.testng.SuiteRunnerWorker.runSuite(SuiteRunnerWorker.java:52)
	at org.testng.SuiteRunnerWorker.run(SuiteRunnerWorker.java:86)
	at org.testng.TestNG.runSuitesSequentially(TestNG.java:1158)
	at org.testng.TestNG.runSuitesSequentially(TestNG.java:1154)
	at org.testng.TestNG.runSuitesLocally(TestNG.java:1083)
	at org.testng.TestNG.run(TestNG.java:999)
	at org.apache.maven.surefire.testng.TestNGExecutor.run(TestNGExecutor.java:178)
	at org.apache.maven.surefire.testng.TestNGXmlTestSuite.execute(TestNGXmlTestSuite.java:92)
	at org.apache.maven.surefire.testng.TestNGProvider.invoke(TestNGProvider.java:96)
	at sun.reflect.NativeMethodAccessorImpl.invoke0(Native Method)
	at sun.reflect.NativeMethodAccessorImpl.invoke(NativeMethodAccessorImpl.java:62)
	at sun.reflect.DelegatingMethodAccessorImpl.invoke(DelegatingMethodAccessorImpl.java:43)
	at java.lang.reflect.Method.invoke(Method.java:483)
	at org.apache.maven.surefire.util.ReflectionUtils.invokeMethodWithArray(ReflectionUtils.java:189)
	at org.apache.maven.surefire.booter.ProviderFactory$ProviderProxy.invoke(ProviderFactory.java:165)
	at org.apache.maven.surefire.booter.ProviderFactory.invokeProvider(ProviderFactory.java:85)
	at org.apache.maven.surefire.booter.ForkedBooter.runSuitesInProcess(ForkedBooter.java:115)
	at org.apache.maven.surefire.booter.ForkedBooter.main(ForkedBooter.java:75)
Caused by: org.openqa.selenium.NoSuchElementException: Unable to locate element: {"method":"xpath","selector":"//div[contains(@id,'connection-working') and contains(@class,'iceOutConStatActv') and contains(@style,'visibility: visible')]"}
For documentation on this error, please visit: http://seleniumhq.org/exceptions/no_such_element.html
Build info: version: '2.44.0', revision: '76d78cf323ce037c5f92db6c1bba601c2ac43ad8', time: '2014-10-23 13:11:40'
System info: host: 'LMTN202461', ip: '167.74.108.52', os.name: 'Windows 7', os.arch: 'amd64', os.version: '6.1', java.version: '1.8.0_25'
Driver info: driver.version: unknown
	at <anonymous class>.FirefoxDriver.prototype.findElementInternal_(file:///C:/Users/othnvun/AppData/Local/Temp/anonymous3049790335337158708webdriver-profile/extensions/fxdriver@googlecode.com/components/driver-component.js:9641:133)
	at <anonymous class>.FirefoxDriver.prototype.findElement(file:///C:/Users/othnvun/AppData/Local/Temp/anonymous3049790335337158708webdriver-profile/extensions/fxdriver@googlecode.com/components/driver-component.js:9650:3)
	at <anonymous class>.DelayedCommand.prototype.executeInternal_/h(file:///C:/Users/othnvun/AppData/Local/Temp/anonymous3049790335337158708webdriver-profile/extensions/fxdriver@googlecode.com/components/command-processor.js:11635:16)
	at <anonymous class>.DelayedCommand.prototype.executeInternal_(file:///C:/Users/othnvun/AppData/Local/Temp/anonymous3049790335337158708webdriver-profile/extensions/fxdriver@googlecode.com/components/command-processor.js:11640:7)
	at <anonymous class>.DelayedCommand.prototype.execute/<(file:///C:/Users/othnvun/AppData/Local/Temp/anonymous3049790335337158708webdriver-profile/extensions/fxdriver@googlecode.com/components/command-processor.js:11582:5)
]]>
            </full-stacktrace>
          </exception>
        </test-method>
        <test-method status="FAIL" signature="Provisioncopy(java.util.Hashtable)" name="Provisioncopy" duration-ms="31460" started-at="2015-02-18T12:03:01Z" finished-at="2015-02-18T12:03:32Z">
          <params>
            <param index="0">
              <value>
                <![CDATA[{Successmess=Data Updated Successfully, LOB=Life, Username=bcchase, Result=, Runmode=Y, Benefit=Dependent Life, copypagecode=DEC3025, Password=Welcome1, copypagestatus=Inforce, copypagedesc=DEC3015DESC, Browser=Firefox}]]>
              </value>
            </param>
          </params>
          <exception class="org.openqa.selenium.NoSuchElementException">
            <message>
              <![CDATA[Unable to locate element: {"method":"xpath","selector":"//div[contains(@id,'connection-working') and contains(@class,'iceOutConStatActv') and contains(@style,'visibility: visible')]"}
Command duration or timeout: 9 milliseconds
For documentation on this error, please visit: http://seleniumhq.org/exceptions/no_such_element.html
Build info: version: '2.44.0', revision: '76d78cf323ce037c5f92db6c1bba601c2ac43ad8', time: '2014-10-23 13:11:40'
System info: host: 'LMTN202461', ip: '167.74.108.52', os.name: 'Windows 7', os.arch: 'amd64', os.version: '6.1', java.version: '1.8.0_25'
Driver info: org.openqa.selenium.firefox.FirefoxDriver
Capabilities [{applicationCacheEnabled=true, rotatable=false, handlesAlerts=true, databaseEnabled=true, version=31.4.0, platform=WINDOWS, nativeEvents=true, acceptSslCerts=true, webStorageEnabled=true, locationContextEnabled=true, browserName=firefox, takesScreenshot=true, javascriptEnabled=true, cssSelectorsEnabled=true}]
Session ID: 2ca1ed05-0706-41fe-8e81-c0627fe4730f]]>
            </message>
            <full-stacktrace>
              <![CDATA[org.openqa.selenium.NoSuchElementException: Unable to locate element: {"method":"xpath","selector":"//div[contains(@id,'connection-working') and contains(@class,'iceOutConStatActv') and contains(@style,'visibility: visible')]"}
Command duration or timeout: 9 milliseconds
For documentation on this error, please visit: http://seleniumhq.org/exceptions/no_such_element.html
Build info: version: '2.44.0', revision: '76d78cf323ce037c5f92db6c1bba601c2ac43ad8', time: '2014-10-23 13:11:40'
System info: host: 'LMTN202461', ip: '167.74.108.52', os.name: 'Windows 7', os.arch: 'amd64', os.version: '6.1', java.version: '1.8.0_25'
Driver info: org.openqa.selenium.firefox.FirefoxDriver
Capabilities [{applicationCacheEnabled=true, rotatable=false, handlesAlerts=true, databaseEnabled=true, version=31.4.0, platform=WINDOWS, nativeEvents=true, acceptSslCerts=true, webStorageEnabled=true, locationContextEnabled=true, browserName=firefox, takesScreenshot=true, javascriptEnabled=true, cssSelectorsEnabled=true}]
Session ID: 2ca1ed05-0706-41fe-8e81-c0627fe4730f
	at sun.reflect.GeneratedConstructorAccessor31.newInstance(Unknown Source)
	at sun.reflect.DelegatingConstructorAccessorImpl.newInstance(DelegatingConstructorAccessorImpl.java:45)
	at java.lang.reflect.Constructor.newInstance(Constructor.java:408)
	at org.openqa.selenium.remote.ErrorHandler.createThrowable(ErrorHandler.java:204)
	at org.openqa.selenium.remote.ErrorHandler.throwIfResponseFailed(ErrorHandler.java:156)
	at org.openqa.selenium.remote.RemoteWebDriver.execute(RemoteWebDriver.java:599)
	at org.openqa.selenium.remote.RemoteWebDriver.findElement(RemoteWebDriver.java:352)
	at org.openqa.selenium.remote.RemoteWebDriver.findElementByXPath(RemoteWebDriver.java:449)
	at org.openqa.selenium.By$ByXPath.findElement(By.java:357)
	at org.openqa.selenium.remote.RemoteWebDriver.findElement(RemoteWebDriver.java:344)
	at com.maax.businessmanager.util.TestBase.dynamicwait(TestBase.java:249)
	at com.maax.businessmanager.common.provision_copy_defect_Test.Provisioncopy(provision_copy_defect_Test.java:89)
	at sun.reflect.NativeMethodAccessorImpl.invoke0(Native Method)
	at sun.reflect.NativeMethodAccessorImpl.invoke(NativeMethodAccessorImpl.java:62)
	at sun.reflect.DelegatingMethodAccessorImpl.invoke(DelegatingMethodAccessorImpl.java:43)
	at java.lang.reflect.Method.invoke(Method.java:483)
	at org.testng.internal.MethodInvocationHelper.invokeMethod(MethodInvocationHelper.java:80)
	at org.testng.internal.Invoker.invokeMethod(Invoker.java:673)
	at org.testng.internal.Invoker.invokeTestMethod(Invoker.java:842)
	at org.testng.internal.Invoker.invokeTestMethods(Invoker.java:1166)
	at org.testng.internal.TestMethodWorker.invokeTestMethods(TestMethodWorker.java:125)
	at org.testng.internal.TestMethodWorker.run(TestMethodWorker.java:109)
	at org.testng.TestRunner.runWorkers(TestRunner.java:1178)
	at org.testng.TestRunner.privateRun(TestRunner.java:757)
	at org.testng.TestRunner.run(TestRunner.java:608)
	at org.testng.SuiteRunner.runTest(SuiteRunner.java:334)
	at org.testng.SuiteRunner.runSequentially(SuiteRunner.java:329)
	at org.testng.SuiteRunner.privateRun(SuiteRunner.java:291)
	at org.testng.SuiteRunner.run(SuiteRunner.java:240)
	at org.testng.SuiteRunnerWorker.runSuite(SuiteRunnerWorker.java:52)
	at org.testng.SuiteRunnerWorker.run(SuiteRunnerWorker.java:86)
	at org.testng.TestNG.runSuitesSequentially(TestNG.java:1158)
	at org.testng.TestNG.runSuitesSequentially(TestNG.java:1154)
	at org.testng.TestNG.runSuitesLocally(TestNG.java:1083)
	at org.testng.TestNG.run(TestNG.java:999)
	at org.apache.maven.surefire.testng.TestNGExecutor.run(TestNGExecutor.java:178)
	at org.apache.maven.surefire.testng.TestNGXmlTestSuite.execute(TestNGXmlTestSuite.java:92)
	at org.apache.maven.surefire.testng.TestNGProvider.invoke(TestNGProvider.java:96)
	at sun.reflect.NativeMethodAccessorImpl.invoke0(Native Method)
	at sun.reflect.NativeMethodAccessorImpl.invoke(NativeMethodAccessorImpl.java:62)
	at sun.reflect.DelegatingMethodAccessorImpl.invoke(DelegatingMethodAccessorImpl.java:43)
	at java.lang.reflect.Method.invoke(Method.java:483)
	at org.apache.maven.surefire.util.ReflectionUtils.invokeMethodWithArray(ReflectionUtils.java:189)
	at org.apache.maven.surefire.booter.ProviderFactory$ProviderProxy.invoke(ProviderFactory.java:165)
	at org.apache.maven.surefire.booter.ProviderFactory.invokeProvider(ProviderFactory.java:85)
	at org.apache.maven.surefire.booter.ForkedBooter.runSuitesInProcess(ForkedBooter.java:115)
	at org.apache.maven.surefire.booter.ForkedBooter.main(ForkedBooter.java:75)
Caused by: org.openqa.selenium.NoSuchElementException: Unable to locate element: {"method":"xpath","selector":"//div[contains(@id,'connection-working') and contains(@class,'iceOutConStatActv') and contains(@style,'visibility: visible')]"}
For documentation on this error, please visit: http://seleniumhq.org/exceptions/no_such_element.html
Build info: version: '2.44.0', revision: '76d78cf323ce037c5f92db6c1bba601c2ac43ad8', time: '2014-10-23 13:11:40'
System info: host: 'LMTN202461', ip: '167.74.108.52', os.name: 'Windows 7', os.arch: 'amd64', os.version: '6.1', java.version: '1.8.0_25'
Driver info: driver.version: unknown
	at <anonymous class>.FirefoxDriver.prototype.findElementInternal_(file:///C:/Users/othnvun/AppData/Local/Temp/anonymous8767221373210260351webdriver-profile/extensions/fxdriver@googlecode.com/components/driver-component.js:9641:133)
	at <anonymous class>.FirefoxDriver.prototype.findElement(file:///C:/Users/othnvun/AppData/Local/Temp/anonymous8767221373210260351webdriver-profile/extensions/fxdriver@googlecode.com/components/driver-component.js:9650:3)
	at <anonymous class>.DelayedCommand.prototype.executeInternal_/h(file:///C:/Users/othnvun/AppData/Local/Temp/anonymous8767221373210260351webdriver-profile/extensions/fxdriver@googlecode.com/components/command-processor.js:11635:16)
	at <anonymous class>.DelayedCommand.prototype.executeInternal_(file:///C:/Users/othnvun/AppData/Local/Temp/anonymous8767221373210260351webdriver-profile/extensions/fxdriver@googlecode.com/components/command-processor.js:11640:7)
	at <anonymous class>.DelayedCommand.prototype.execute/<(file:///C:/Users/othnvun/AppData/Local/Temp/anonymous8767221373210260351webdriver-profile/extensions/fxdriver@googlecode.com/components/command-processor.js:11582:5)
]]>
            </full-stacktrace>
          </exception>
        </test-method>
        <test-method status="PASS" signature="Provisioncopy(java.util.Hashtable)" name="Provisioncopy" duration-ms="32801" started-at="2015-02-18T12:03:32Z" finished-at="2015-02-18T12:04:05Z">
          <params>
            <param index="0">
              <value>
                <![CDATA[{Successmess=Data Updated Successfully, LOB=Life, Username=bcchase, Result=, Runmode=Y, Benefit=Optional Child Life, copypagecode=DEC3025, Password=Welcome1, copypagestatus=Inforce, copypagedesc=DEC3015DESC, Browser=Firefox}]]>
              </value>
            </param>
          </params>
        </test-method>
        <test-method status="FAIL" signature="Provisioncopy(java.util.Hashtable)" name="Provisioncopy" duration-ms="38738" started-at="2015-02-18T12:04:05Z" finished-at="2015-02-18T12:04:44Z">
          <params>
            <param index="0">
              <value>
                <![CDATA[{Successmess=Data Updated Successfully, LOB=Life, Username=bcchase, Result=, Runmode=Y, Benefit=Critical Illness, copypagecode=DEC3025, Password=Welcome1, copypagestatus=Inforce, copypagedesc=DEC3015DESC, Browser=Firefox}]]>
              </value>
            </param>
          </params>
          <exception class="org.openqa.selenium.NoSuchElementException">
            <message>
              <![CDATA[Unable to locate element: {"method":"xpath","selector":"//div[contains(@id,'connection-working') and contains(@class,'iceOutConStatActv') and contains(@style,'visibility: visible')]"}
Command duration or timeout: 7 milliseconds
For documentation on this error, please visit: http://seleniumhq.org/exceptions/no_such_element.html
Build info: version: '2.44.0', revision: '76d78cf323ce037c5f92db6c1bba601c2ac43ad8', time: '2014-10-23 13:11:40'
System info: host: 'LMTN202461', ip: '167.74.108.52', os.name: 'Windows 7', os.arch: 'amd64', os.version: '6.1', java.version: '1.8.0_25'
Driver info: org.openqa.selenium.firefox.FirefoxDriver
Capabilities [{applicationCacheEnabled=true, rotatable=false, handlesAlerts=true, databaseEnabled=true, version=31.4.0, platform=WINDOWS, nativeEvents=true, acceptSslCerts=true, webStorageEnabled=true, locationContextEnabled=true, browserName=firefox, takesScreenshot=true, javascriptEnabled=true, cssSelectorsEnabled=true}]
Session ID: 5e2378dd-f87e-4206-9caf-7e26583df0d0]]>
            </message>
            <full-stacktrace>
              <![CDATA[org.openqa.selenium.NoSuchElementException: Unable to locate element: {"method":"xpath","selector":"//div[contains(@id,'connection-working') and contains(@class,'iceOutConStatActv') and contains(@style,'visibility: visible')]"}
Command duration or timeout: 7 milliseconds
For documentation on this error, please visit: http://seleniumhq.org/exceptions/no_such_element.html
Build info: version: '2.44.0', revision: '76d78cf323ce037c5f92db6c1bba601c2ac43ad8', time: '2014-10-23 13:11:40'
System info: host: 'LMTN202461', ip: '167.74.108.52', os.name: 'Windows 7', os.arch: 'amd64', os.version: '6.1', java.version: '1.8.0_25'
Driver info: org.openqa.selenium.firefox.FirefoxDriver
Capabilities [{applicationCacheEnabled=true, rotatable=false, handlesAlerts=true, databaseEnabled=true, version=31.4.0, platform=WINDOWS, nativeEvents=true, acceptSslCerts=true, webStorageEnabled=true, locationContextEnabled=true, browserName=firefox, takesScreenshot=true, javascriptEnabled=true, cssSelectorsEnabled=true}]
Session ID: 5e2378dd-f87e-4206-9caf-7e26583df0d0
	at sun.reflect.GeneratedConstructorAccessor31.newInstance(Unknown Source)
	at sun.reflect.DelegatingConstructorAccessorImpl.newInstance(DelegatingConstructorAccessorImpl.java:45)
	at java.lang.reflect.Constructor.newInstance(Constructor.java:408)
	at org.openqa.selenium.remote.ErrorHandler.createThrowable(ErrorHandler.java:204)
	at org.openqa.selenium.remote.ErrorHandler.throwIfResponseFailed(ErrorHandler.java:156)
	at org.openqa.selenium.remote.RemoteWebDriver.execute(RemoteWebDriver.java:599)
	at org.openqa.selenium.remote.RemoteWebDriver.findElement(RemoteWebDriver.java:352)
	at org.openqa.selenium.remote.RemoteWebDriver.findElementByXPath(RemoteWebDriver.java:449)
	at org.openqa.selenium.By$ByXPath.findElement(By.java:357)
	at org.openqa.selenium.remote.RemoteWebDriver.findElement(RemoteWebDriver.java:344)
	at com.maax.businessmanager.util.TestBase.dynamicwait(TestBase.java:249)
	at com.maax.businessmanager.common.provision_copy_defect_Test.Provisioncopy(provision_copy_defect_Test.java:89)
	at sun.reflect.NativeMethodAccessorImpl.invoke0(Native Method)
	at sun.reflect.NativeMethodAccessorImpl.invoke(NativeMethodAccessorImpl.java:62)
	at sun.reflect.DelegatingMethodAccessorImpl.invoke(DelegatingMethodAccessorImpl.java:43)
	at java.lang.reflect.Method.invoke(Method.java:483)
	at org.testng.internal.MethodInvocationHelper.invokeMethod(MethodInvocationHelper.java:80)
	at org.testng.internal.Invoker.invokeMethod(Invoker.java:673)
	at org.testng.internal.Invoker.invokeTestMethod(Invoker.java:842)
	at org.testng.internal.Invoker.invokeTestMethods(Invoker.java:1166)
	at org.testng.internal.TestMethodWorker.invokeTestMethods(TestMethodWorker.java:125)
	at org.testng.internal.TestMethodWorker.run(TestMethodWorker.java:109)
	at org.testng.TestRunner.runWorkers(TestRunner.java:1178)
	at org.testng.TestRunner.privateRun(TestRunner.java:757)
	at org.testng.TestRunner.run(TestRunner.java:608)
	at org.testng.SuiteRunner.runTest(SuiteRunner.java:334)
	at org.testng.SuiteRunner.runSequentially(SuiteRunner.java:329)
	at org.testng.SuiteRunner.privateRun(SuiteRunner.java:291)
	at org.testng.SuiteRunner.run(SuiteRunner.java:240)
	at org.testng.SuiteRunnerWorker.runSuite(SuiteRunnerWorker.java:52)
	at org.testng.SuiteRunnerWorker.run(SuiteRunnerWorker.java:86)
	at org.testng.TestNG.runSuitesSequentially(TestNG.java:1158)
	at org.testng.TestNG.runSuitesSequentially(TestNG.java:1154)
	at org.testng.TestNG.runSuitesLocally(TestNG.java:1083)
	at org.testng.TestNG.run(TestNG.java:999)
	at org.apache.maven.surefire.testng.TestNGExecutor.run(TestNGExecutor.java:178)
	at org.apache.maven.surefire.testng.TestNGXmlTestSuite.execute(TestNGXmlTestSuite.java:92)
	at org.apache.maven.surefire.testng.TestNGProvider.invoke(TestNGProvider.java:96)
	at sun.reflect.NativeMethodAccessorImpl.invoke0(Native Method)
	at sun.reflect.NativeMethodAccessorImpl.invoke(NativeMethodAccessorImpl.java:62)
	at sun.reflect.DelegatingMethodAccessorImpl.invoke(DelegatingMethodAccessorImpl.java:43)
	at java.lang.reflect.Method.invoke(Method.java:483)
	at org.apache.maven.surefire.util.ReflectionUtils.invokeMethodWithArray(ReflectionUtils.java:189)
	at org.apache.maven.surefire.booter.ProviderFactory$ProviderProxy.invoke(ProviderFactory.java:165)
	at org.apache.maven.surefire.booter.ProviderFactory.invokeProvider(ProviderFactory.java:85)
	at org.apache.maven.surefire.booter.ForkedBooter.runSuitesInProcess(ForkedBooter.java:115)
	at org.apache.maven.surefire.booter.ForkedBooter.main(ForkedBooter.java:75)
Caused by: org.openqa.selenium.NoSuchElementException: Unable to locate element: {"method":"xpath","selector":"//div[contains(@id,'connection-working') and contains(@class,'iceOutConStatActv') and contains(@style,'visibility: visible')]"}
For documentation on this error, please visit: http://seleniumhq.org/exceptions/no_such_element.html
Build info: version: '2.44.0', revision: '76d78cf323ce037c5f92db6c1bba601c2ac43ad8', time: '2014-10-23 13:11:40'
System info: host: 'LMTN202461', ip: '167.74.108.52', os.name: 'Windows 7', os.arch: 'amd64', os.version: '6.1', java.version: '1.8.0_25'
Driver info: driver.version: unknown
	at <anonymous class>.FirefoxDriver.prototype.findElementInternal_(file:///C:/Users/othnvun/AppData/Local/Temp/anonymous3166982313200375990webdriver-profile/extensions/fxdriver@googlecode.com/components/driver-component.js:9641:133)
	at <anonymous class>.FirefoxDriver.prototype.findElement(file:///C:/Users/othnvun/AppData/Local/Temp/anonymous3166982313200375990webdriver-profile/extensions/fxdriver@googlecode.com/components/driver-component.js:9650:3)
	at <anonymous class>.DelayedCommand.prototype.executeInternal_/h(file:///C:/Users/othnvun/AppData/Local/Temp/anonymous3166982313200375990webdriver-profile/extensions/fxdriver@googlecode.com/components/command-processor.js:11635:16)
	at <anonymous class>.DelayedCommand.prototype.executeInternal_(file:///C:/Users/othnvun/AppData/Local/Temp/anonymous3166982313200375990webdriver-profile/extensions/fxdriver@googlecode.com/components/command-processor.js:11640:7)
	at <anonymous class>.DelayedCommand.prototype.execute/<(file:///C:/Users/othnvun/AppData/Local/Temp/anonymous3166982313200375990webdriver-profile/extensions/fxdriver@googlecode.com/components/command-processor.js:11582:5)
]]>
            </full-stacktrace>
          </exception>
        </test-method>
      </class>
    </test>
  </suite>
  <suite name="My Project" duration-ms="0" started-at="2015-02-18T12:04:48Z" finished-at="2015-02-18T12:04:48Z">
    <groups>
    </groups>
  </suite>
</testng-results>
