<?xml version="1.0" encoding="UTF-8" ?>
<testsuite tests="10" failures="8" name="TestSuite" time="330.012" errors="0" skipped="0">
  <properties>
[...]
</properties>
  <testcase classname="com.maax.businessmanager.common.provision_copy_defect_Test" name="Provisioncopy" time="38.275">
    <failure message="Unable to locate element: {&quot;method&quot;:&quot;xpath&quot;,&quot;selector&quot;:&quot;//div[contains(@id,&apos;connection-working&apos;) and contains(@class,&apos;iceOutConStatActv&apos;) and contains(@style,&apos;visibility: visible&apos;)]&quot;}
Command duration or timeout: 15 milliseconds
For documentation on this error, please visit: http://seleniumhq.org/exceptions/no_such_element.html
Build info: version: &apos;2.44.0&apos;, revision: &apos;76d78cf323ce037c5f92db6c1bba601c2ac43ad8&apos;, time: &apos;2014-10-23 13:11:40&apos;
System info: host: &apos;LMTN202461&apos;, ip: &apos;167.74.108.52&apos;, os.name: &apos;Windows 7&apos;, os.arch: &apos;amd64&apos;, os.version: &apos;6.1&apos;, java.version: &apos;1.8.0_25&apos;
Driver info: org.openqa.selenium.firefox.FirefoxDriver
Capabilities [{applicationCacheEnabled=true, rotatable=false, handlesAlerts=true, databaseEnabled=true, version=31.4.0, platform=WINDOWS, nativeEvents=true, acceptSslCerts=true, webStorageEnabled=true, locationContextEnabled=true, browserName=firefox, takesScreenshot=true, javascriptEnabled=true, cssSelectorsEnabled=true}]
Session ID: 4585e2aa-ad2a-4608-b17e-6f7ad43bfaed" type="org.openqa.selenium.NoSuchElementException">org.openqa.selenium.NoSuchElementException: Unable to locate element: {&quot;method&quot;:&quot;xpath&quot;,&quot;selector&quot;:&quot;//div[contains(@id,&apos;connection-working&apos;) and contains(@class,&apos;iceOutConStatActv&apos;) and contains(@style,&apos;visibility: visible&apos;)]&quot;}
Command duration or timeout: 15 milliseconds
For documentation on this error, please visit: http://seleniumhq.org/exceptions/no_such_element.html
Build info: version: &apos;2.44.0&apos;, revision: &apos;76d78cf323ce037c5f92db6c1bba601c2ac43ad8&apos;, time: &apos;2014-10-23 13:11:40&apos;
System info: host: &apos;LMTN202461&apos;, ip: &apos;167.74.108.52&apos;, os.name: &apos;Windows 7&apos;, os.arch: &apos;amd64&apos;, os.version: &apos;6.1&apos;, java.version: &apos;1.8.0_25&apos;
Driver info: org.openqa.selenium.firefox.FirefoxDriver
Capabilities [{applicationCacheEnabled=true, rotatable=false, handlesAlerts=true, databaseEnabled=true, version=31.4.0, platform=WINDOWS, nativeEvents=true, acceptSslCerts=true, webStorageEnabled=true, locationContextEnabled=true, browserName=firefox, takesScreenshot=true, javascriptEnabled=true, cssSelectorsEnabled=true}]
Session ID: 4585e2aa-ad2a-4608-b17e-6f7ad43bfaed
	at sun.reflect.NativeConstructorAccessorImpl.newInstance0(Native Method)
	at sun.reflect.NativeConstructorAccessorImpl.newInstance(NativeConstructorAccessorImpl.java:62)
	at sun.reflect.DelegatingConstructorAccessorImpl.newInstance(DelegatingConstructorAccessorImpl.java:45)
	at java.lang.reflect.Constructor.newInstance(Constructor.java:408)
	at org.openqa.selenium.remote.ErrorHandler.createThrowable(ErrorHandler.java:204)
	at org.openqa.selenium.remote.ErrorHandler.throwIfResponseFailed(ErrorHandler.java:156)
	at org.openqa.selenium.remote.RemoteWebDriver.execute(RemoteWebDriver.java:599)
	at org.openqa.selenium.remote.RemoteWebDriver.findElement(RemoteWebDriver.java:352)
	at org.openqa.selenium.remote.RemoteWebDriver.findElementByXPath(RemoteWebDriver.java:449)
	at org.openqa.selenium.By$ByXPath.findElement(By.java:357)
	at org.openqa.selenium.remote.RemoteWebDriver.findElement(RemoteWebDriver.java:344)
	at com.maax.businessmanager.util.TestBase.dynamicwait(TestBase.java:249)
	at com.maax.businessmanager.common.provision_copy_defect_Test.Provisioncopy(provision_copy_defect_Test.java:89)
Caused by: org.openqa.selenium.NoSuchElementException: Unable to locate element: {&quot;method&quot;:&quot;xpath&quot;,&quot;selector&quot;:&quot;//div[contains(@id,&apos;connection-working&apos;) and contains(@class,&apos;iceOutConStatActv&apos;) and contains(@style,&apos;visibility: visible&apos;)]&quot;}
For documentation on this error, please visit: http://seleniumhq.org/exceptions/no_such_element.html
Build info: version: &apos;2.44.0&apos;, revision: &apos;76d78cf323ce037c5f92db6c1bba601c2ac43ad8&apos;, time: &apos;2014-10-23 13:11:40&apos;
System info: host: &apos;LMTN202461&apos;, ip: &apos;167.74.108.52&apos;, os.name: &apos;Windows 7&apos;, os.arch: &apos;amd64&apos;, os.version: &apos;6.1&apos;, java.version: &apos;1.8.0_25&apos;
Driver info: driver.version: unknown
	at &lt;anonymous class&gt;.FirefoxDriver.prototype.findElementInternal_(file:///C:/Users/othnvun/AppData/Local/Temp/anonymous8014481421836216495webdriver-profile/extensions/fxdriver@googlecode.com/components/driver-component.js:9641:133)
	at &lt;anonymous class&gt;.FirefoxDriver.prototype.findElement(file:///C:/Users/othnvun/AppData/Local/Temp/anonymous8014481421836216495webdriver-profile/extensions/fxdriver@googlecode.com/components/driver-component.js:9650:3)
	at &lt;anonymous class&gt;.DelayedCommand.prototype.executeInternal_/h(file:///C:/Users/othnvun/AppData/Local/Temp/anonymous8014481421836216495webdriver-profile/extensions/fxdriver@googlecode.com/components/command-processor.js:11635:16)
	at &lt;anonymous class&gt;.DelayedCommand.prototype.executeInternal_(file:///C:/Users/othnvun/AppData/Local/Temp/anonymous8014481421836216495webdriver-profile/extensions/fxdriver@googlecode.com/components/command-processor.js:11640:7)
	at &lt;anonymous class&gt;.DelayedCommand.prototype.execute/&lt;(file:///C:/Users/othnvun/AppData/Local/Temp/anonymous8014481421836216495webdriver-profile/extensions/fxdriver@googlecode.com/components/command-processor.js:11582:5)
</failure>
    <system-out>Starting suitecommonTest
Starting suitecommonTest
Provisioncopy
Test case found   :Provisioncopy
Total columns of test data are  ::11
Total rows of test data are  ::10
Hello
{Successmess=//*[@id=&apos;provision:incProvision:j_id561&apos;]/tbody/tr/td/span, provisiontree=//*[@id=&apos;businessmanagerGateway:provisonTree:n-root:AUTO_03195&apos;], LifeLOB=//*[@id=&apos;businessmanagerGateway:provisonTree:n-0:AUTO_03195&apos;], BusinessManagerlink=//*[@id=&apos;mainMenu:menuBarEnroll:business:out&apos;], searchresults=//table[@id=&apos;searchProvision:incSearchProvision:provisionSearchResultDataBean&apos;]/tbody/tr, copypagecode=//*[@id=&apos;provision:incProvision:provisionCode&apos;], searchcodefield=//*[@id=&apos;searchProvision:incSearchProvision:provisionCode&apos;], provisionsearchbutton=//*[@id=&apos;searchProvision:incSearchProvision:searchButton&apos;], loginid=//*[@id=&apos;username&apos;], copybutton=//*[@id=&apos;searchProvision:incSearchProvision:copyButton&apos;], LOBtreepopulation=//div[@id=&apos;businessmanagerGateway:provisonTree&apos;]/div/div[2]/div/a/span, loginbtn=//*[@id=&apos;login_label&apos;], URL=https://securein.medavie.bluecross.ca:3443/MAAX, copysavestaybuton=//*[@id=&apos;provision:incProvision:savestayButton&apos;], copypagestatus=//*[@id=&apos;provision:incProvision:status&apos;], copypagedesc=//*[@id=&apos;provision:incProvision:provisionDescription&apos;], password=//*[@id=&apos;password&apos;]}
5
</system-out>
    <system-err>log4j:WARN No appenders could be found for logger (org.apache.http.client.protocol.RequestAddCookies).
log4j:WARN Please initialize the log4j system properly.
</system-err>
  </testcase>
  <testcase classname="com.maax.businessmanager.common.provision_copy_defect_Test" name="Provisioncopy" time="31.656">
    <failure message="Unable to locate element: {&quot;method&quot;:&quot;xpath&quot;,&quot;selector&quot;:&quot;//div[contains(@id,&apos;connection-working&apos;) and contains(@class,&apos;iceOutConStatActv&apos;) and contains(@style,&apos;visibility: visible&apos;)]&quot;}
Command duration or timeout: 9 milliseconds
For documentation on this error, please visit: http://seleniumhq.org/exceptions/no_such_element.html
Build info: version: &apos;2.44.0&apos;, revision: &apos;76d78cf323ce037c5f92db6c1bba601c2ac43ad8&apos;, time: &apos;2014-10-23 13:11:40&apos;
System info: host: &apos;LMTN202461&apos;, ip: &apos;167.74.108.52&apos;, os.name: &apos;Windows 7&apos;, os.arch: &apos;amd64&apos;, os.version: &apos;6.1&apos;, java.version: &apos;1.8.0_25&apos;
Driver info: org.openqa.selenium.firefox.FirefoxDriver
Capabilities [{applicationCacheEnabled=true, rotatable=false, handlesAlerts=true, databaseEnabled=true, version=31.4.0, platform=WINDOWS, nativeEvents=true, acceptSslCerts=true, webStorageEnabled=true, locationContextEnabled=true, browserName=firefox, takesScreenshot=true, javascriptEnabled=true, cssSelectorsEnabled=true}]
Session ID: b15d4a34-b2f3-47c2-9def-9cdf1f9cc79c" type="org.openqa.selenium.NoSuchElementException">org.openqa.selenium.NoSuchElementException: Unable to locate element: {&quot;method&quot;:&quot;xpath&quot;,&quot;selector&quot;:&quot;//div[contains(@id,&apos;connection-working&apos;) and contains(@class,&apos;iceOutConStatActv&apos;) and contains(@style,&apos;visibility: visible&apos;)]&quot;}
Command duration or timeout: 9 milliseconds
For documentation on this error, please visit: http://seleniumhq.org/exceptions/no_such_element.html
Build info: version: &apos;2.44.0&apos;, revision: &apos;76d78cf323ce037c5f92db6c1bba601c2ac43ad8&apos;, time: &apos;2014-10-23 13:11:40&apos;
System info: host: &apos;LMTN202461&apos;, ip: &apos;167.74.108.52&apos;, os.name: &apos;Windows 7&apos;, os.arch: &apos;amd64&apos;, os.version: &apos;6.1&apos;, java.version: &apos;1.8.0_25&apos;
Driver info: org.openqa.selenium.firefox.FirefoxDriver
Capabilities [{applicationCacheEnabled=true, rotatable=false, handlesAlerts=true, databaseEnabled=true, version=31.4.0, platform=WINDOWS, nativeEvents=true, acceptSslCerts=true, webStorageEnabled=true, locationContextEnabled=true, browserName=firefox, takesScreenshot=true, javascriptEnabled=true, cssSelectorsEnabled=true}]
Session ID: b15d4a34-b2f3-47c2-9def-9cdf1f9cc79c
	at sun.reflect.NativeConstructorAccessorImpl.newInstance0(Native Method)
	at sun.reflect.NativeConstructorAccessorImpl.newInstance(NativeConstructorAccessorImpl.java:62)
	at sun.reflect.DelegatingConstructorAccessorImpl.newInstance(DelegatingConstructorAccessorImpl.java:45)
	at java.lang.reflect.Constructor.newInstance(Constructor.java:408)
	at org.openqa.selenium.remote.ErrorHandler.createThrowable(ErrorHandler.java:204)
	at org.openqa.selenium.remote.ErrorHandler.throwIfResponseFailed(ErrorHandler.java:156)
	at org.openqa.selenium.remote.RemoteWebDriver.execute(RemoteWebDriver.java:599)
	at org.openqa.selenium.remote.RemoteWebDriver.findElement(RemoteWebDriver.java:352)
	at org.openqa.selenium.remote.RemoteWebDriver.findElementByXPath(RemoteWebDriver.java:449)
	at org.openqa.selenium.By$ByXPath.findElement(By.java:357)
	at org.openqa.selenium.remote.RemoteWebDriver.findElement(RemoteWebDriver.java:344)
	at com.maax.businessmanager.util.TestBase.dynamicwait(TestBase.java:249)
	at com.maax.businessmanager.common.provision_copy_defect_Test.Provisioncopy(provision_copy_defect_Test.java:89)
Caused by: org.openqa.selenium.NoSuchElementException: Unable to locate element: {&quot;method&quot;:&quot;xpath&quot;,&quot;selector&quot;:&quot;//div[contains(@id,&apos;connection-working&apos;) and contains(@class,&apos;iceOutConStatActv&apos;) and contains(@style,&apos;visibility: visible&apos;)]&quot;}
For documentation on this error, please visit: http://seleniumhq.org/exceptions/no_such_element.html
Build info: version: &apos;2.44.0&apos;, revision: &apos;76d78cf323ce037c5f92db6c1bba601c2ac43ad8&apos;, time: &apos;2014-10-23 13:11:40&apos;
System info: host: &apos;LMTN202461&apos;, ip: &apos;167.74.108.52&apos;, os.name: &apos;Windows 7&apos;, os.arch: &apos;amd64&apos;, os.version: &apos;6.1&apos;, java.version: &apos;1.8.0_25&apos;
Driver info: driver.version: unknown
	at &lt;anonymous class&gt;.FirefoxDriver.prototype.findElementInternal_(file:///C:/Users/othnvun/AppData/Local/Temp/anonymous6668945412590525596webdriver-profile/extensions/fxdriver@googlecode.com/components/driver-component.js:9641:133)
	at &lt;anonymous class&gt;.FirefoxDriver.prototype.findElement(file:///C:/Users/othnvun/AppData/Local/Temp/anonymous6668945412590525596webdriver-profile/extensions/fxdriver@googlecode.com/components/driver-component.js:9650:3)
	at &lt;anonymous class&gt;.DelayedCommand.prototype.executeInternal_/h(file:///C:/Users/othnvun/AppData/Local/Temp/anonymous6668945412590525596webdriver-profile/extensions/fxdriver@googlecode.com/components/command-processor.js:11635:16)
	at &lt;anonymous class&gt;.DelayedCommand.prototype.executeInternal_(file:///C:/Users/othnvun/AppData/Local/Temp/anonymous6668945412590525596webdriver-profile/extensions/fxdriver@googlecode.com/components/command-processor.js:11640:7)
	at &lt;anonymous class&gt;.DelayedCommand.prototype.execute/&lt;(file:///C:/Users/othnvun/AppData/Local/Temp/anonymous6668945412590525596webdriver-profile/extensions/fxdriver@googlecode.com/components/command-processor.js:11582:5)
</failure>
    <system-out>{Successmess=//*[@id=&apos;provision:incProvision:j_id561&apos;]/tbody/tr/td/span, provisiontree=//*[@id=&apos;businessmanagerGateway:provisonTree:n-root:AUTO_03195&apos;], LifeLOB=//*[@id=&apos;businessmanagerGateway:provisonTree:n-0:AUTO_03195&apos;], BusinessManagerlink=//*[@id=&apos;mainMenu:menuBarEnroll:business:out&apos;], searchresults=//table[@id=&apos;searchProvision:incSearchProvision:provisionSearchResultDataBean&apos;]/tbody/tr, copypagecode=//*[@id=&apos;provision:incProvision:provisionCode&apos;], searchcodefield=//*[@id=&apos;searchProvision:incSearchProvision:provisionCode&apos;], provisionsearchbutton=//*[@id=&apos;searchProvision:incSearchProvision:searchButton&apos;], loginid=//*[@id=&apos;username&apos;], copybutton=//*[@id=&apos;searchProvision:incSearchProvision:copyButton&apos;], LOBtreepopulation=//div[@id=&apos;businessmanagerGateway:provisonTree&apos;]/div/div[2]/div/a/span, loginbtn=//*[@id=&apos;login_label&apos;], URL=https://securein.medavie.bluecross.ca:3443/MAAX, copysavestaybuton=//*[@id=&apos;provision:incProvision:savestayButton&apos;], copypagestatus=//*[@id=&apos;provision:incProvision:status&apos;], copypagedesc=//*[@id=&apos;provision:incProvision:provisionDescription&apos;], password=//*[@id=&apos;password&apos;]}
5
</system-out>
  </testcase>
  <testcase classname="com.maax.businessmanager.common.provision_copy_defect_Test" name="Provisioncopy" time="31.453">
    <failure message="Unable to locate element: {&quot;method&quot;:&quot;xpath&quot;,&quot;selector&quot;:&quot;//div[contains(@id,&apos;connection-working&apos;) and contains(@class,&apos;iceOutConStatActv&apos;) and contains(@style,&apos;visibility: visible&apos;)]&quot;}
Command duration or timeout: 12 milliseconds
For documentation on this error, please visit: http://seleniumhq.org/exceptions/no_such_element.html
Build info: version: &apos;2.44.0&apos;, revision: &apos;76d78cf323ce037c5f92db6c1bba601c2ac43ad8&apos;, time: &apos;2014-10-23 13:11:40&apos;
System info: host: &apos;LMTN202461&apos;, ip: &apos;167.74.108.52&apos;, os.name: &apos;Windows 7&apos;, os.arch: &apos;amd64&apos;, os.version: &apos;6.1&apos;, java.version: &apos;1.8.0_25&apos;
Driver info: org.openqa.selenium.firefox.FirefoxDriver
Capabilities [{applicationCacheEnabled=true, rotatable=false, handlesAlerts=true, databaseEnabled=true, version=31.4.0, platform=WINDOWS, nativeEvents=true, acceptSslCerts=true, webStorageEnabled=true, locationContextEnabled=true, browserName=firefox, takesScreenshot=true, javascriptEnabled=true, cssSelectorsEnabled=true}]
Session ID: 3429a9c7-2b85-4ff3-a68b-36cfa6a0c706" type="org.openqa.selenium.NoSuchElementException">org.openqa.selenium.NoSuchElementException: Unable to locate element: {&quot;method&quot;:&quot;xpath&quot;,&quot;selector&quot;:&quot;//div[contains(@id,&apos;connection-working&apos;) and contains(@class,&apos;iceOutConStatActv&apos;) and contains(@style,&apos;visibility: visible&apos;)]&quot;}
Command duration or timeout: 12 milliseconds
For documentation on this error, please visit: http://seleniumhq.org/exceptions/no_such_element.html
Build info: version: &apos;2.44.0&apos;, revision: &apos;76d78cf323ce037c5f92db6c1bba601c2ac43ad8&apos;, time: &apos;2014-10-23 13:11:40&apos;
System info: host: &apos;LMTN202461&apos;, ip: &apos;167.74.108.52&apos;, os.name: &apos;Windows 7&apos;, os.arch: &apos;amd64&apos;, os.version: &apos;6.1&apos;, java.version: &apos;1.8.0_25&apos;
Driver info: org.openqa.selenium.firefox.FirefoxDriver
Capabilities [{applicationCacheEnabled=true, rotatable=false, handlesAlerts=true, databaseEnabled=true, version=31.4.0, platform=WINDOWS, nativeEvents=true, acceptSslCerts=true, webStorageEnabled=true, locationContextEnabled=true, browserName=firefox, takesScreenshot=true, javascriptEnabled=true, cssSelectorsEnabled=true}]
Session ID: 3429a9c7-2b85-4ff3-a68b-36cfa6a0c706
	at sun.reflect.NativeConstructorAccessorImpl.newInstance0(Native Method)
	at sun.reflect.NativeConstructorAccessorImpl.newInstance(NativeConstructorAccessorImpl.java:62)
	at sun.reflect.DelegatingConstructorAccessorImpl.newInstance(DelegatingConstructorAccessorImpl.java:45)
	at java.lang.reflect.Constructor.newInstance(Constructor.java:408)
	at org.openqa.selenium.remote.ErrorHandler.createThrowable(ErrorHandler.java:204)
	at org.openqa.selenium.remote.ErrorHandler.throwIfResponseFailed(ErrorHandler.java:156)
	at org.openqa.selenium.remote.RemoteWebDriver.execute(RemoteWebDriver.java:599)
	at org.openqa.selenium.remote.RemoteWebDriver.findElement(RemoteWebDriver.java:352)
	at org.openqa.selenium.remote.RemoteWebDriver.findElementByXPath(RemoteWebDriver.java:449)
	at org.openqa.selenium.By$ByXPath.findElement(By.java:357)
	at org.openqa.selenium.remote.RemoteWebDriver.findElement(RemoteWebDriver.java:344)
	at com.maax.businessmanager.util.TestBase.dynamicwait(TestBase.java:249)
	at com.maax.businessmanager.common.provision_copy_defect_Test.Provisioncopy(provision_copy_defect_Test.java:89)
Caused by: org.openqa.selenium.NoSuchElementException: Unable to locate element: {&quot;method&quot;:&quot;xpath&quot;,&quot;selector&quot;:&quot;//div[contains(@id,&apos;connection-working&apos;) and contains(@class,&apos;iceOutConStatActv&apos;) and contains(@style,&apos;visibility: visible&apos;)]&quot;}
For documentation on this error, please visit: http://seleniumhq.org/exceptions/no_such_element.html
Build info: version: &apos;2.44.0&apos;, revision: &apos;76d78cf323ce037c5f92db6c1bba601c2ac43ad8&apos;, time: &apos;2014-10-23 13:11:40&apos;
System info: host: &apos;LMTN202461&apos;, ip: &apos;167.74.108.52&apos;, os.name: &apos;Windows 7&apos;, os.arch: &apos;amd64&apos;, os.version: &apos;6.1&apos;, java.version: &apos;1.8.0_25&apos;
Driver info: driver.version: unknown
	at &lt;anonymous class&gt;.FirefoxDriver.prototype.findElementInternal_(file:///C:/Users/othnvun/AppData/Local/Temp/anonymous3025438996023006925webdriver-profile/extensions/fxdriver@googlecode.com/components/driver-component.js:9641:133)
	at &lt;anonymous class&gt;.FirefoxDriver.prototype.findElement(file:///C:/Users/othnvun/AppData/Local/Temp/anonymous3025438996023006925webdriver-profile/extensions/fxdriver@googlecode.com/components/driver-component.js:9650:3)
	at &lt;anonymous class&gt;.DelayedCommand.prototype.executeInternal_/h(file:///C:/Users/othnvun/AppData/Local/Temp/anonymous3025438996023006925webdriver-profile/extensions/fxdriver@googlecode.com/components/command-processor.js:11635:16)
	at &lt;anonymous class&gt;.DelayedCommand.prototype.executeInternal_(file:///C:/Users/othnvun/AppData/Local/Temp/anonymous3025438996023006925webdriver-profile/extensions/fxdriver@googlecode.com/components/command-processor.js:11640:7)
	at &lt;anonymous class&gt;.DelayedCommand.prototype.execute/&lt;(file:///C:/Users/othnvun/AppData/Local/Temp/anonymous3025438996023006925webdriver-profile/extensions/fxdriver@googlecode.com/components/command-processor.js:11582:5)
</failure>
    <system-out>{Successmess=//*[@id=&apos;provision:incProvision:j_id561&apos;]/tbody/tr/td/span, provisiontree=//*[@id=&apos;businessmanagerGateway:provisonTree:n-root:AUTO_03195&apos;], LifeLOB=//*[@id=&apos;businessmanagerGateway:provisonTree:n-0:AUTO_03195&apos;], BusinessManagerlink=//*[@id=&apos;mainMenu:menuBarEnroll:business:out&apos;], searchresults=//table[@id=&apos;searchProvision:incSearchProvision:provisionSearchResultDataBean&apos;]/tbody/tr, copypagecode=//*[@id=&apos;provision:incProvision:provisionCode&apos;], searchcodefield=//*[@id=&apos;searchProvision:incSearchProvision:provisionCode&apos;], provisionsearchbutton=//*[@id=&apos;searchProvision:incSearchProvision:searchButton&apos;], loginid=//*[@id=&apos;username&apos;], copybutton=//*[@id=&apos;searchProvision:incSearchProvision:copyButton&apos;], LOBtreepopulation=//div[@id=&apos;businessmanagerGateway:provisonTree&apos;]/div/div[2]/div/a/span, loginbtn=//*[@id=&apos;login_label&apos;], URL=https://securein.medavie.bluecross.ca:3443/MAAX, copysavestaybuton=//*[@id=&apos;provision:incProvision:savestayButton&apos;], copypagestatus=//*[@id=&apos;provision:incProvision:status&apos;], copypagedesc=//*[@id=&apos;provision:incProvision:provisionDescription&apos;], password=//*[@id=&apos;password&apos;]}
5
</system-out>
  </testcase>
  <testcase classname="com.maax.businessmanager.common.provision_copy_defect_Test" name="Provisioncopy" time="31.386">
    <failure message="Unable to locate element: {&quot;method&quot;:&quot;xpath&quot;,&quot;selector&quot;:&quot;//div[contains(@id,&apos;connection-working&apos;) and contains(@class,&apos;iceOutConStatActv&apos;) and contains(@style,&apos;visibility: visible&apos;)]&quot;}
Command duration or timeout: 10 milliseconds
For documentation on this error, please visit: http://seleniumhq.org/exceptions/no_such_element.html
Build info: version: &apos;2.44.0&apos;, revision: &apos;76d78cf323ce037c5f92db6c1bba601c2ac43ad8&apos;, time: &apos;2014-10-23 13:11:40&apos;
System info: host: &apos;LMTN202461&apos;, ip: &apos;167.74.108.52&apos;, os.name: &apos;Windows 7&apos;, os.arch: &apos;amd64&apos;, os.version: &apos;6.1&apos;, java.version: &apos;1.8.0_25&apos;
Driver info: org.openqa.selenium.firefox.FirefoxDriver
Capabilities [{applicationCacheEnabled=true, rotatable=false, handlesAlerts=true, databaseEnabled=true, version=31.4.0, platform=WINDOWS, nativeEvents=true, acceptSslCerts=true, webStorageEnabled=true, locationContextEnabled=true, browserName=firefox, takesScreenshot=true, javascriptEnabled=true, cssSelectorsEnabled=true}]
Session ID: 564b4ef5-a8a5-40da-9c65-83c2c9d82f71" type="org.openqa.selenium.NoSuchElementException">org.openqa.selenium.NoSuchElementException: Unable to locate element: {&quot;method&quot;:&quot;xpath&quot;,&quot;selector&quot;:&quot;//div[contains(@id,&apos;connection-working&apos;) and contains(@class,&apos;iceOutConStatActv&apos;) and contains(@style,&apos;visibility: visible&apos;)]&quot;}
Command duration or timeout: 10 milliseconds
For documentation on this error, please visit: http://seleniumhq.org/exceptions/no_such_element.html
Build info: version: &apos;2.44.0&apos;, revision: &apos;76d78cf323ce037c5f92db6c1bba601c2ac43ad8&apos;, time: &apos;2014-10-23 13:11:40&apos;
System info: host: &apos;LMTN202461&apos;, ip: &apos;167.74.108.52&apos;, os.name: &apos;Windows 7&apos;, os.arch: &apos;amd64&apos;, os.version: &apos;6.1&apos;, java.version: &apos;1.8.0_25&apos;
Driver info: org.openqa.selenium.firefox.FirefoxDriver
Capabilities [{applicationCacheEnabled=true, rotatable=false, handlesAlerts=true, databaseEnabled=true, version=31.4.0, platform=WINDOWS, nativeEvents=true, acceptSslCerts=true, webStorageEnabled=true, locationContextEnabled=true, browserName=firefox, takesScreenshot=true, javascriptEnabled=true, cssSelectorsEnabled=true}]
Session ID: 564b4ef5-a8a5-40da-9c65-83c2c9d82f71
	at sun.reflect.GeneratedConstructorAccessor31.newInstance(Unknown Source)
	at sun.reflect.DelegatingConstructorAccessorImpl.newInstance(DelegatingConstructorAccessorImpl.java:45)
	at java.lang.reflect.Constructor.newInstance(Constructor.java:408)
	at org.openqa.selenium.remote.ErrorHandler.createThrowable(ErrorHandler.java:204)
	at org.openqa.selenium.remote.ErrorHandler.throwIfResponseFailed(ErrorHandler.java:156)
	at org.openqa.selenium.remote.RemoteWebDriver.execute(RemoteWebDriver.java:599)
	at org.openqa.selenium.remote.RemoteWebDriver.findElement(RemoteWebDriver.java:352)
	at org.openqa.selenium.remote.RemoteWebDriver.findElementByXPath(RemoteWebDriver.java:449)
	at org.openqa.selenium.By$ByXPath.findElement(By.java:357)
	at org.openqa.selenium.remote.RemoteWebDriver.findElement(RemoteWebDriver.java:344)
	at com.maax.businessmanager.util.TestBase.dynamicwait(TestBase.java:249)
	at com.maax.businessmanager.common.provision_copy_defect_Test.Provisioncopy(provision_copy_defect_Test.java:89)
Caused by: org.openqa.selenium.NoSuchElementException: Unable to locate element: {&quot;method&quot;:&quot;xpath&quot;,&quot;selector&quot;:&quot;//div[contains(@id,&apos;connection-working&apos;) and contains(@class,&apos;iceOutConStatActv&apos;) and contains(@style,&apos;visibility: visible&apos;)]&quot;}
For documentation on this error, please visit: http://seleniumhq.org/exceptions/no_such_element.html
Build info: version: &apos;2.44.0&apos;, revision: &apos;76d78cf323ce037c5f92db6c1bba601c2ac43ad8&apos;, time: &apos;2014-10-23 13:11:40&apos;
System info: host: &apos;LMTN202461&apos;, ip: &apos;167.74.108.52&apos;, os.name: &apos;Windows 7&apos;, os.arch: &apos;amd64&apos;, os.version: &apos;6.1&apos;, java.version: &apos;1.8.0_25&apos;
Driver info: driver.version: unknown
	at &lt;anonymous class&gt;.FirefoxDriver.prototype.findElementInternal_(file:///C:/Users/othnvun/AppData/Local/Temp/anonymous1110575283838732933webdriver-profile/extensions/fxdriver@googlecode.com/components/driver-component.js:9641:133)
	at &lt;anonymous class&gt;.FirefoxDriver.prototype.findElement(file:///C:/Users/othnvun/AppData/Local/Temp/anonymous1110575283838732933webdriver-profile/extensions/fxdriver@googlecode.com/components/driver-component.js:9650:3)
	at &lt;anonymous class&gt;.DelayedCommand.prototype.executeInternal_/h(file:///C:/Users/othnvun/AppData/Local/Temp/anonymous1110575283838732933webdriver-profile/extensions/fxdriver@googlecode.com/components/command-processor.js:11635:16)
	at &lt;anonymous class&gt;.DelayedCommand.prototype.executeInternal_(file:///C:/Users/othnvun/AppData/Local/Temp/anonymous1110575283838732933webdriver-profile/extensions/fxdriver@googlecode.com/components/command-processor.js:11640:7)
	at &lt;anonymous class&gt;.DelayedCommand.prototype.execute/&lt;(file:///C:/Users/othnvun/AppData/Local/Temp/anonymous1110575283838732933webdriver-profile/extensions/fxdriver@googlecode.com/components/command-processor.js:11582:5)
</failure>
    <system-out>{Successmess=//*[@id=&apos;provision:incProvision:j_id561&apos;]/tbody/tr/td/span, provisiontree=//*[@id=&apos;businessmanagerGateway:provisonTree:n-root:AUTO_03195&apos;], LifeLOB=//*[@id=&apos;businessmanagerGateway:provisonTree:n-0:AUTO_03195&apos;], BusinessManagerlink=//*[@id=&apos;mainMenu:menuBarEnroll:business:out&apos;], searchresults=//table[@id=&apos;searchProvision:incSearchProvision:provisionSearchResultDataBean&apos;]/tbody/tr, copypagecode=//*[@id=&apos;provision:incProvision:provisionCode&apos;], searchcodefield=//*[@id=&apos;searchProvision:incSearchProvision:provisionCode&apos;], provisionsearchbutton=//*[@id=&apos;searchProvision:incSearchProvision:searchButton&apos;], loginid=//*[@id=&apos;username&apos;], copybutton=//*[@id=&apos;searchProvision:incSearchProvision:copyButton&apos;], LOBtreepopulation=//div[@id=&apos;businessmanagerGateway:provisonTree&apos;]/div/div[2]/div/a/span, loginbtn=//*[@id=&apos;login_label&apos;], URL=https://securein.medavie.bluecross.ca:3443/MAAX, copysavestaybuton=//*[@id=&apos;provision:incProvision:savestayButton&apos;], copypagestatus=//*[@id=&apos;provision:incProvision:status&apos;], copypagedesc=//*[@id=&apos;provision:incProvision:provisionDescription&apos;], password=//*[@id=&apos;password&apos;]}
5
</system-out>
  </testcase>
  <testcase classname="com.maax.businessmanager.common.provision_copy_defect_Test" name="Provisioncopy" time="31.09">
    <failure message="Unable to locate element: {&quot;method&quot;:&quot;xpath&quot;,&quot;selector&quot;:&quot;//div[contains(@id,&apos;connection-working&apos;) and contains(@class,&apos;iceOutConStatActv&apos;) and contains(@style,&apos;visibility: visible&apos;)]&quot;}
Command duration or timeout: 9 milliseconds
For documentation on this error, please visit: http://seleniumhq.org/exceptions/no_such_element.html
Build info: version: &apos;2.44.0&apos;, revision: &apos;76d78cf323ce037c5f92db6c1bba601c2ac43ad8&apos;, time: &apos;2014-10-23 13:11:40&apos;
System info: host: &apos;LMTN202461&apos;, ip: &apos;167.74.108.52&apos;, os.name: &apos;Windows 7&apos;, os.arch: &apos;amd64&apos;, os.version: &apos;6.1&apos;, java.version: &apos;1.8.0_25&apos;
Driver info: org.openqa.selenium.firefox.FirefoxDriver
Capabilities [{applicationCacheEnabled=true, rotatable=false, handlesAlerts=true, databaseEnabled=true, version=31.4.0, platform=WINDOWS, nativeEvents=true, acceptSslCerts=true, webStorageEnabled=true, locationContextEnabled=true, browserName=firefox, takesScreenshot=true, javascriptEnabled=true, cssSelectorsEnabled=true}]
Session ID: 383361ab-4346-4d05-bfe9-fe4094a207f0" type="org.openqa.selenium.NoSuchElementException">org.openqa.selenium.NoSuchElementException: Unable to locate element: {&quot;method&quot;:&quot;xpath&quot;,&quot;selector&quot;:&quot;//div[contains(@id,&apos;connection-working&apos;) and contains(@class,&apos;iceOutConStatActv&apos;) and contains(@style,&apos;visibility: visible&apos;)]&quot;}
Command duration or timeout: 9 milliseconds
For documentation on this error, please visit: http://seleniumhq.org/exceptions/no_such_element.html
Build info: version: &apos;2.44.0&apos;, revision: &apos;76d78cf323ce037c5f92db6c1bba601c2ac43ad8&apos;, time: &apos;2014-10-23 13:11:40&apos;
System info: host: &apos;LMTN202461&apos;, ip: &apos;167.74.108.52&apos;, os.name: &apos;Windows 7&apos;, os.arch: &apos;amd64&apos;, os.version: &apos;6.1&apos;, java.version: &apos;1.8.0_25&apos;
Driver info: org.openqa.selenium.firefox.FirefoxDriver
Capabilities [{applicationCacheEnabled=true, rotatable=false, handlesAlerts=true, databaseEnabled=true, version=31.4.0, platform=WINDOWS, nativeEvents=true, acceptSslCerts=true, webStorageEnabled=true, locationContextEnabled=true, browserName=firefox, takesScreenshot=true, javascriptEnabled=true, cssSelectorsEnabled=true}]
Session ID: 383361ab-4346-4d05-bfe9-fe4094a207f0
	at sun.reflect.GeneratedConstructorAccessor31.newInstance(Unknown Source)
	at sun.reflect.DelegatingConstructorAccessorImpl.newInstance(DelegatingConstructorAccessorImpl.java:45)
	at java.lang.reflect.Constructor.newInstance(Constructor.java:408)
	at org.openqa.selenium.remote.ErrorHandler.createThrowable(ErrorHandler.java:204)
	at org.openqa.selenium.remote.ErrorHandler.throwIfResponseFailed(ErrorHandler.java:156)
	at org.openqa.selenium.remote.RemoteWebDriver.execute(RemoteWebDriver.java:599)
	at org.openqa.selenium.remote.RemoteWebDriver.findElement(RemoteWebDriver.java:352)
	at org.openqa.selenium.remote.RemoteWebDriver.findElementByXPath(RemoteWebDriver.java:449)
	at org.openqa.selenium.By$ByXPath.findElement(By.java:357)
	at org.openqa.selenium.remote.RemoteWebDriver.findElement(RemoteWebDriver.java:344)
	at com.maax.businessmanager.util.TestBase.dynamicwait(TestBase.java:249)
	at com.maax.businessmanager.common.provision_copy_defect_Test.Provisioncopy(provision_copy_defect_Test.java:89)
Caused by: org.openqa.selenium.NoSuchElementException: Unable to locate element: {&quot;method&quot;:&quot;xpath&quot;,&quot;selector&quot;:&quot;//div[contains(@id,&apos;connection-working&apos;) and contains(@class,&apos;iceOutConStatActv&apos;) and contains(@style,&apos;visibility: visible&apos;)]&quot;}
For documentation on this error, please visit: http://seleniumhq.org/exceptions/no_such_element.html
Build info: version: &apos;2.44.0&apos;, revision: &apos;76d78cf323ce037c5f92db6c1bba601c2ac43ad8&apos;, time: &apos;2014-10-23 13:11:40&apos;
System info: host: &apos;LMTN202461&apos;, ip: &apos;167.74.108.52&apos;, os.name: &apos;Windows 7&apos;, os.arch: &apos;amd64&apos;, os.version: &apos;6.1&apos;, java.version: &apos;1.8.0_25&apos;
Driver info: driver.version: unknown
	at &lt;anonymous class&gt;.FirefoxDriver.prototype.findElementInternal_(file:///C:/Users/othnvun/AppData/Local/Temp/anonymous5108139089750429172webdriver-profile/extensions/fxdriver@googlecode.com/components/driver-component.js:9641:133)
	at &lt;anonymous class&gt;.FirefoxDriver.prototype.findElement(file:///C:/Users/othnvun/AppData/Local/Temp/anonymous5108139089750429172webdriver-profile/extensions/fxdriver@googlecode.com/components/driver-component.js:9650:3)
	at &lt;anonymous class&gt;.DelayedCommand.prototype.executeInternal_/h(file:///C:/Users/othnvun/AppData/Local/Temp/anonymous5108139089750429172webdriver-profile/extensions/fxdriver@googlecode.com/components/command-processor.js:11635:16)
	at &lt;anonymous class&gt;.DelayedCommand.prototype.executeInternal_(file:///C:/Users/othnvun/AppData/Local/Temp/anonymous5108139089750429172webdriver-profile/extensions/fxdriver@googlecode.com/components/command-processor.js:11640:7)
	at &lt;anonymous class&gt;.DelayedCommand.prototype.execute/&lt;(file:///C:/Users/othnvun/AppData/Local/Temp/anonymous5108139089750429172webdriver-profile/extensions/fxdriver@googlecode.com/components/command-processor.js:11582:5)
</failure>
    <system-out>{Successmess=//*[@id=&apos;provision:incProvision:j_id561&apos;]/tbody/tr/td/span, provisiontree=//*[@id=&apos;businessmanagerGateway:provisonTree:n-root:AUTO_03195&apos;], LifeLOB=//*[@id=&apos;businessmanagerGateway:provisonTree:n-0:AUTO_03195&apos;], BusinessManagerlink=//*[@id=&apos;mainMenu:menuBarEnroll:business:out&apos;], searchresults=//table[@id=&apos;searchProvision:incSearchProvision:provisionSearchResultDataBean&apos;]/tbody/tr, copypagecode=//*[@id=&apos;provision:incProvision:provisionCode&apos;], searchcodefield=//*[@id=&apos;searchProvision:incSearchProvision:provisionCode&apos;], provisionsearchbutton=//*[@id=&apos;searchProvision:incSearchProvision:searchButton&apos;], loginid=//*[@id=&apos;username&apos;], copybutton=//*[@id=&apos;searchProvision:incSearchProvision:copyButton&apos;], LOBtreepopulation=//div[@id=&apos;businessmanagerGateway:provisonTree&apos;]/div/div[2]/div/a/span, loginbtn=//*[@id=&apos;login_label&apos;], URL=https://securein.medavie.bluecross.ca:3443/MAAX, copysavestaybuton=//*[@id=&apos;provision:incProvision:savestayButton&apos;], copypagestatus=//*[@id=&apos;provision:incProvision:status&apos;], copypagedesc=//*[@id=&apos;provision:incProvision:provisionDescription&apos;], password=//*[@id=&apos;password&apos;]}
5
</system-out>
  </testcase>
  <testcase classname="com.maax.businessmanager.common.provision_copy_defect_Test" name="Provisioncopy" time="32.4"/>
  <testcase classname="com.maax.businessmanager.common.provision_copy_defect_Test" name="Provisioncopy" time="30.769">
    <failure message="Unable to locate element: {&quot;method&quot;:&quot;xpath&quot;,&quot;selector&quot;:&quot;//div[contains(@id,&apos;connection-working&apos;) and contains(@class,&apos;iceOutConStatActv&apos;) and contains(@style,&apos;visibility: visible&apos;)]&quot;}
Command duration or timeout: 8 milliseconds
For documentation on this error, please visit: http://seleniumhq.org/exceptions/no_such_element.html
Build info: version: &apos;2.44.0&apos;, revision: &apos;76d78cf323ce037c5f92db6c1bba601c2ac43ad8&apos;, time: &apos;2014-10-23 13:11:40&apos;
System info: host: &apos;LMTN202461&apos;, ip: &apos;167.74.108.52&apos;, os.name: &apos;Windows 7&apos;, os.arch: &apos;amd64&apos;, os.version: &apos;6.1&apos;, java.version: &apos;1.8.0_25&apos;
Driver info: org.openqa.selenium.firefox.FirefoxDriver
Capabilities [{applicationCacheEnabled=true, rotatable=false, handlesAlerts=true, databaseEnabled=true, version=31.4.0, platform=WINDOWS, nativeEvents=true, acceptSslCerts=true, webStorageEnabled=true, locationContextEnabled=true, browserName=firefox, takesScreenshot=true, javascriptEnabled=true, cssSelectorsEnabled=true}]
Session ID: d081365e-d57b-49ce-acea-3ce690ee8a6e" type="org.openqa.selenium.NoSuchElementException">org.openqa.selenium.NoSuchElementException: Unable to locate element: {&quot;method&quot;:&quot;xpath&quot;,&quot;selector&quot;:&quot;//div[contains(@id,&apos;connection-working&apos;) and contains(@class,&apos;iceOutConStatActv&apos;) and contains(@style,&apos;visibility: visible&apos;)]&quot;}
Command duration or timeout: 8 milliseconds
For documentation on this error, please visit: http://seleniumhq.org/exceptions/no_such_element.html
Build info: version: &apos;2.44.0&apos;, revision: &apos;76d78cf323ce037c5f92db6c1bba601c2ac43ad8&apos;, time: &apos;2014-10-23 13:11:40&apos;
System info: host: &apos;LMTN202461&apos;, ip: &apos;167.74.108.52&apos;, os.name: &apos;Windows 7&apos;, os.arch: &apos;amd64&apos;, os.version: &apos;6.1&apos;, java.version: &apos;1.8.0_25&apos;
Driver info: org.openqa.selenium.firefox.FirefoxDriver
Capabilities [{applicationCacheEnabled=true, rotatable=false, handlesAlerts=true, databaseEnabled=true, version=31.4.0, platform=WINDOWS, nativeEvents=true, acceptSslCerts=true, webStorageEnabled=true, locationContextEnabled=true, browserName=firefox, takesScreenshot=true, javascriptEnabled=true, cssSelectorsEnabled=true}]
Session ID: d081365e-d57b-49ce-acea-3ce690ee8a6e
	at sun.reflect.GeneratedConstructorAccessor31.newInstance(Unknown Source)
	at sun.reflect.DelegatingConstructorAccessorImpl.newInstance(DelegatingConstructorAccessorImpl.java:45)
	at java.lang.reflect.Constructor.newInstance(Constructor.java:408)
	at org.openqa.selenium.remote.ErrorHandler.createThrowable(ErrorHandler.java:204)
	at org.openqa.selenium.remote.ErrorHandler.throwIfResponseFailed(ErrorHandler.java:156)
	at org.openqa.selenium.remote.RemoteWebDriver.execute(RemoteWebDriver.java:599)
	at org.openqa.selenium.remote.RemoteWebDriver.findElement(RemoteWebDriver.java:352)
	at org.openqa.selenium.remote.RemoteWebDriver.findElementByXPath(RemoteWebDriver.java:449)
	at org.openqa.selenium.By$ByXPath.findElement(By.java:357)
	at org.openqa.selenium.remote.RemoteWebDriver.findElement(RemoteWebDriver.java:344)
	at com.maax.businessmanager.util.TestBase.dynamicwait(TestBase.java:249)
	at com.maax.businessmanager.common.provision_copy_defect_Test.Provisioncopy(provision_copy_defect_Test.java:89)
Caused by: org.openqa.selenium.NoSuchElementException: Unable to locate element: {&quot;method&quot;:&quot;xpath&quot;,&quot;selector&quot;:&quot;//div[contains(@id,&apos;connection-working&apos;) and contains(@class,&apos;iceOutConStatActv&apos;) and contains(@style,&apos;visibility: visible&apos;)]&quot;}
For documentation on this error, please visit: http://seleniumhq.org/exceptions/no_such_element.html
Build info: version: &apos;2.44.0&apos;, revision: &apos;76d78cf323ce037c5f92db6c1bba601c2ac43ad8&apos;, time: &apos;2014-10-23 13:11:40&apos;
System info: host: &apos;LMTN202461&apos;, ip: &apos;167.74.108.52&apos;, os.name: &apos;Windows 7&apos;, os.arch: &apos;amd64&apos;, os.version: &apos;6.1&apos;, java.version: &apos;1.8.0_25&apos;
Driver info: driver.version: unknown
	at &lt;anonymous class&gt;.FirefoxDriver.prototype.findElementInternal_(file:///C:/Users/othnvun/AppData/Local/Temp/anonymous3049790335337158708webdriver-profile/extensions/fxdriver@googlecode.com/components/driver-component.js:9641:133)
	at &lt;anonymous class&gt;.FirefoxDriver.prototype.findElement(file:///C:/Users/othnvun/AppData/Local/Temp/anonymous3049790335337158708webdriver-profile/extensions/fxdriver@googlecode.com/components/driver-component.js:9650:3)
	at &lt;anonymous class&gt;.DelayedCommand.prototype.executeInternal_/h(file:///C:/Users/othnvun/AppData/Local/Temp/anonymous3049790335337158708webdriver-profile/extensions/fxdriver@googlecode.com/components/command-processor.js:11635:16)
	at &lt;anonymous class&gt;.DelayedCommand.prototype.executeInternal_(file:///C:/Users/othnvun/AppData/Local/Temp/anonymous3049790335337158708webdriver-profile/extensions/fxdriver@googlecode.com/components/command-processor.js:11640:7)
	at &lt;anonymous class&gt;.DelayedCommand.prototype.execute/&lt;(file:///C:/Users/othnvun/AppData/Local/Temp/anonymous3049790335337158708webdriver-profile/extensions/fxdriver@googlecode.com/components/command-processor.js:11582:5)
</failure>
    <system-out>{Successmess=//*[@id=&apos;provision:incProvision:j_id561&apos;]/tbody/tr/td/span, provisiontree=//*[@id=&apos;businessmanagerGateway:provisonTree:n-root:AUTO_03195&apos;], LifeLOB=//*[@id=&apos;businessmanagerGateway:provisonTree:n-0:AUTO_03195&apos;], BusinessManagerlink=//*[@id=&apos;mainMenu:menuBarEnroll:business:out&apos;], searchresults=//table[@id=&apos;searchProvision:incSearchProvision:provisionSearchResultDataBean&apos;]/tbody/tr, copypagecode=//*[@id=&apos;provision:incProvision:provisionCode&apos;], searchcodefield=//*[@id=&apos;searchProvision:incSearchProvision:provisionCode&apos;], provisionsearchbutton=//*[@id=&apos;searchProvision:incSearchProvision:searchButton&apos;], loginid=//*[@id=&apos;username&apos;], copybutton=//*[@id=&apos;searchProvision:incSearchProvision:copyButton&apos;], LOBtreepopulation=//div[@id=&apos;businessmanagerGateway:provisonTree&apos;]/div/div[2]/div/a/span, loginbtn=//*[@id=&apos;login_label&apos;], URL=https://securein.medavie.bluecross.ca:3443/MAAX, copysavestaybuton=//*[@id=&apos;provision:incProvision:savestayButton&apos;], copypagestatus=//*[@id=&apos;provision:incProvision:status&apos;], copypagedesc=//*[@id=&apos;provision:incProvision:provisionDescription&apos;], password=//*[@id=&apos;password&apos;]}
5
</system-out>
  </testcase>
  <testcase classname="com.maax.businessmanager.common.provision_copy_defect_Test" name="Provisioncopy" time="31.447">
    <failure message="Unable to locate element: {&quot;method&quot;:&quot;xpath&quot;,&quot;selector&quot;:&quot;//div[contains(@id,&apos;connection-working&apos;) and contains(@class,&apos;iceOutConStatActv&apos;) and contains(@style,&apos;visibility: visible&apos;)]&quot;}
Command duration or timeout: 9 milliseconds
For documentation on this error, please visit: http://seleniumhq.org/exceptions/no_such_element.html
Build info: version: &apos;2.44.0&apos;, revision: &apos;76d78cf323ce037c5f92db6c1bba601c2ac43ad8&apos;, time: &apos;2014-10-23 13:11:40&apos;
System info: host: &apos;LMTN202461&apos;, ip: &apos;167.74.108.52&apos;, os.name: &apos;Windows 7&apos;, os.arch: &apos;amd64&apos;, os.version: &apos;6.1&apos;, java.version: &apos;1.8.0_25&apos;
Driver info: org.openqa.selenium.firefox.FirefoxDriver
Capabilities [{applicationCacheEnabled=true, rotatable=false, handlesAlerts=true, databaseEnabled=true, version=31.4.0, platform=WINDOWS, nativeEvents=true, acceptSslCerts=true, webStorageEnabled=true, locationContextEnabled=true, browserName=firefox, takesScreenshot=true, javascriptEnabled=true, cssSelectorsEnabled=true}]
Session ID: 2ca1ed05-0706-41fe-8e81-c0627fe4730f" type="org.openqa.selenium.NoSuchElementException">org.openqa.selenium.NoSuchElementException: Unable to locate element: {&quot;method&quot;:&quot;xpath&quot;,&quot;selector&quot;:&quot;//div[contains(@id,&apos;connection-working&apos;) and contains(@class,&apos;iceOutConStatActv&apos;) and contains(@style,&apos;visibility: visible&apos;)]&quot;}
Command duration or timeout: 9 milliseconds
For documentation on this error, please visit: http://seleniumhq.org/exceptions/no_such_element.html
Build info: version: &apos;2.44.0&apos;, revision: &apos;76d78cf323ce037c5f92db6c1bba601c2ac43ad8&apos;, time: &apos;2014-10-23 13:11:40&apos;
System info: host: &apos;LMTN202461&apos;, ip: &apos;167.74.108.52&apos;, os.name: &apos;Windows 7&apos;, os.arch: &apos;amd64&apos;, os.version: &apos;6.1&apos;, java.version: &apos;1.8.0_25&apos;
Driver info: org.openqa.selenium.firefox.FirefoxDriver
Capabilities [{applicationCacheEnabled=true, rotatable=false, handlesAlerts=true, databaseEnabled=true, version=31.4.0, platform=WINDOWS, nativeEvents=true, acceptSslCerts=true, webStorageEnabled=true, locationContextEnabled=true, browserName=firefox, takesScreenshot=true, javascriptEnabled=true, cssSelectorsEnabled=true}]
Session ID: 2ca1ed05-0706-41fe-8e81-c0627fe4730f
	at sun.reflect.GeneratedConstructorAccessor31.newInstance(Unknown Source)
	at sun.reflect.DelegatingConstructorAccessorImpl.newInstance(DelegatingConstructorAccessorImpl.java:45)
	at java.lang.reflect.Constructor.newInstance(Constructor.java:408)
	at org.openqa.selenium.remote.ErrorHandler.createThrowable(ErrorHandler.java:204)
	at org.openqa.selenium.remote.ErrorHandler.throwIfResponseFailed(ErrorHandler.java:156)
	at org.openqa.selenium.remote.RemoteWebDriver.execute(RemoteWebDriver.java:599)
	at org.openqa.selenium.remote.RemoteWebDriver.findElement(RemoteWebDriver.java:352)
	at org.openqa.selenium.remote.RemoteWebDriver.findElementByXPath(RemoteWebDriver.java:449)
	at org.openqa.selenium.By$ByXPath.findElement(By.java:357)
	at org.openqa.selenium.remote.RemoteWebDriver.findElement(RemoteWebDriver.java:344)
	at com.maax.businessmanager.util.TestBase.dynamicwait(TestBase.java:249)
	at com.maax.businessmanager.common.provision_copy_defect_Test.Provisioncopy(provision_copy_defect_Test.java:89)
Caused by: org.openqa.selenium.NoSuchElementException: Unable to locate element: {&quot;method&quot;:&quot;xpath&quot;,&quot;selector&quot;:&quot;//div[contains(@id,&apos;connection-working&apos;) and contains(@class,&apos;iceOutConStatActv&apos;) and contains(@style,&apos;visibility: visible&apos;)]&quot;}
For documentation on this error, please visit: http://seleniumhq.org/exceptions/no_such_element.html
Build info: version: &apos;2.44.0&apos;, revision: &apos;76d78cf323ce037c5f92db6c1bba601c2ac43ad8&apos;, time: &apos;2014-10-23 13:11:40&apos;
System info: host: &apos;LMTN202461&apos;, ip: &apos;167.74.108.52&apos;, os.name: &apos;Windows 7&apos;, os.arch: &apos;amd64&apos;, os.version: &apos;6.1&apos;, java.version: &apos;1.8.0_25&apos;
Driver info: driver.version: unknown
	at &lt;anonymous class&gt;.FirefoxDriver.prototype.findElementInternal_(file:///C:/Users/othnvun/AppData/Local/Temp/anonymous8767221373210260351webdriver-profile/extensions/fxdriver@googlecode.com/components/driver-component.js:9641:133)
	at &lt;anonymous class&gt;.FirefoxDriver.prototype.findElement(file:///C:/Users/othnvun/AppData/Local/Temp/anonymous8767221373210260351webdriver-profile/extensions/fxdriver@googlecode.com/components/driver-component.js:9650:3)
	at &lt;anonymous class&gt;.DelayedCommand.prototype.executeInternal_/h(file:///C:/Users/othnvun/AppData/Local/Temp/anonymous8767221373210260351webdriver-profile/extensions/fxdriver@googlecode.com/components/command-processor.js:11635:16)
	at &lt;anonymous class&gt;.DelayedCommand.prototype.executeInternal_(file:///C:/Users/othnvun/AppData/Local/Temp/anonymous8767221373210260351webdriver-profile/extensions/fxdriver@googlecode.com/components/command-processor.js:11640:7)
	at &lt;anonymous class&gt;.DelayedCommand.prototype.execute/&lt;(file:///C:/Users/othnvun/AppData/Local/Temp/anonymous8767221373210260351webdriver-profile/extensions/fxdriver@googlecode.com/components/command-processor.js:11582:5)
</failure>
    <system-out>{Successmess=//*[@id=&apos;provision:incProvision:j_id561&apos;]/tbody/tr/td/span, provisiontree=//*[@id=&apos;businessmanagerGateway:provisonTree:n-root:AUTO_03195&apos;], LifeLOB=//*[@id=&apos;businessmanagerGateway:provisonTree:n-0:AUTO_03195&apos;], BusinessManagerlink=//*[@id=&apos;mainMenu:menuBarEnroll:business:out&apos;], searchresults=//table[@id=&apos;searchProvision:incSearchProvision:provisionSearchResultDataBean&apos;]/tbody/tr, copypagecode=//*[@id=&apos;provision:incProvision:provisionCode&apos;], searchcodefield=//*[@id=&apos;searchProvision:incSearchProvision:provisionCode&apos;], provisionsearchbutton=//*[@id=&apos;searchProvision:incSearchProvision:searchButton&apos;], loginid=//*[@id=&apos;username&apos;], copybutton=//*[@id=&apos;searchProvision:incSearchProvision:copyButton&apos;], LOBtreepopulation=//div[@id=&apos;businessmanagerGateway:provisonTree&apos;]/div/div[2]/div/a/span, loginbtn=//*[@id=&apos;login_label&apos;], URL=https://securein.medavie.bluecross.ca:3443/MAAX, copysavestaybuton=//*[@id=&apos;provision:incProvision:savestayButton&apos;], copypagestatus=//*[@id=&apos;provision:incProvision:status&apos;], copypagedesc=//*[@id=&apos;provision:incProvision:provisionDescription&apos;], password=//*[@id=&apos;password&apos;]}
5
</system-out>
  </testcase>
  <testcase classname="com.maax.businessmanager.common.provision_copy_defect_Test" name="Provisioncopy" time="32.793"/>
  <testcase classname="com.maax.businessmanager.common.provision_copy_defect_Test" name="Provisioncopy" time="38.743">
    <failure message="Unable to locate element: {&quot;method&quot;:&quot;xpath&quot;,&quot;selector&quot;:&quot;//div[contains(@id,&apos;connection-working&apos;) and contains(@class,&apos;iceOutConStatActv&apos;) and contains(@style,&apos;visibility: visible&apos;)]&quot;}
Command duration or timeout: 7 milliseconds
For documentation on this error, please visit: http://seleniumhq.org/exceptions/no_such_element.html
Build info: version: &apos;2.44.0&apos;, revision: &apos;76d78cf323ce037c5f92db6c1bba601c2ac43ad8&apos;, time: &apos;2014-10-23 13:11:40&apos;
System info: host: &apos;LMTN202461&apos;, ip: &apos;167.74.108.52&apos;, os.name: &apos;Windows 7&apos;, os.arch: &apos;amd64&apos;, os.version: &apos;6.1&apos;, java.version: &apos;1.8.0_25&apos;
Driver info: org.openqa.selenium.firefox.FirefoxDriver
Capabilities [{applicationCacheEnabled=true, rotatable=false, handlesAlerts=true, databaseEnabled=true, version=31.4.0, platform=WINDOWS, nativeEvents=true, acceptSslCerts=true, webStorageEnabled=true, locationContextEnabled=true, browserName=firefox, takesScreenshot=true, javascriptEnabled=true, cssSelectorsEnabled=true}]
Session ID: 5e2378dd-f87e-4206-9caf-7e26583df0d0" type="org.openqa.selenium.NoSuchElementException">org.openqa.selenium.NoSuchElementException: Unable to locate element: {&quot;method&quot;:&quot;xpath&quot;,&quot;selector&quot;:&quot;//div[contains(@id,&apos;connection-working&apos;) and contains(@class,&apos;iceOutConStatActv&apos;) and contains(@style,&apos;visibility: visible&apos;)]&quot;}
Command duration or timeout: 7 milliseconds
For documentation on this error, please visit: http://seleniumhq.org/exceptions/no_such_element.html
Build info: version: &apos;2.44.0&apos;, revision: &apos;76d78cf323ce037c5f92db6c1bba601c2ac43ad8&apos;, time: &apos;2014-10-23 13:11:40&apos;
System info: host: &apos;LMTN202461&apos;, ip: &apos;167.74.108.52&apos;, os.name: &apos;Windows 7&apos;, os.arch: &apos;amd64&apos;, os.version: &apos;6.1&apos;, java.version: &apos;1.8.0_25&apos;
Driver info: org.openqa.selenium.firefox.FirefoxDriver
Capabilities [{applicationCacheEnabled=true, rotatable=false, handlesAlerts=true, databaseEnabled=true, version=31.4.0, platform=WINDOWS, nativeEvents=true, acceptSslCerts=true, webStorageEnabled=true, locationContextEnabled=true, browserName=firefox, takesScreenshot=true, javascriptEnabled=true, cssSelectorsEnabled=true}]
Session ID: 5e2378dd-f87e-4206-9caf-7e26583df0d0
	at sun.reflect.GeneratedConstructorAccessor31.newInstance(Unknown Source)
	at sun.reflect.DelegatingConstructorAccessorImpl.newInstance(DelegatingConstructorAccessorImpl.java:45)
	at java.lang.reflect.Constructor.newInstance(Constructor.java:408)
	at org.openqa.selenium.remote.ErrorHandler.createThrowable(ErrorHandler.java:204)
	at org.openqa.selenium.remote.ErrorHandler.throwIfResponseFailed(ErrorHandler.java:156)
	at org.openqa.selenium.remote.RemoteWebDriver.execute(RemoteWebDriver.java:599)
	at org.openqa.selenium.remote.RemoteWebDriver.findElement(RemoteWebDriver.java:352)
	at org.openqa.selenium.remote.RemoteWebDriver.findElementByXPath(RemoteWebDriver.java:449)
	at org.openqa.selenium.By$ByXPath.findElement(By.java:357)
	at org.openqa.selenium.remote.RemoteWebDriver.findElement(RemoteWebDriver.java:344)
	at com.maax.businessmanager.util.TestBase.dynamicwait(TestBase.java:249)
	at com.maax.businessmanager.common.provision_copy_defect_Test.Provisioncopy(provision_copy_defect_Test.java:89)
Caused by: org.openqa.selenium.NoSuchElementException: Unable to locate element: {&quot;method&quot;:&quot;xpath&quot;,&quot;selector&quot;:&quot;//div[contains(@id,&apos;connection-working&apos;) and contains(@class,&apos;iceOutConStatActv&apos;) and contains(@style,&apos;visibility: visible&apos;)]&quot;}
For documentation on this error, please visit: http://seleniumhq.org/exceptions/no_such_element.html
Build info: version: &apos;2.44.0&apos;, revision: &apos;76d78cf323ce037c5f92db6c1bba601c2ac43ad8&apos;, time: &apos;2014-10-23 13:11:40&apos;
System info: host: &apos;LMTN202461&apos;, ip: &apos;167.74.108.52&apos;, os.name: &apos;Windows 7&apos;, os.arch: &apos;amd64&apos;, os.version: &apos;6.1&apos;, java.version: &apos;1.8.0_25&apos;
Driver info: driver.version: unknown
	at &lt;anonymous class&gt;.FirefoxDriver.prototype.findElementInternal_(file:///C:/Users/othnvun/AppData/Local/Temp/anonymous3166982313200375990webdriver-profile/extensions/fxdriver@googlecode.com/components/driver-component.js:9641:133)
	at &lt;anonymous class&gt;.FirefoxDriver.prototype.findElement(file:///C:/Users/othnvun/AppData/Local/Temp/anonymous3166982313200375990webdriver-profile/extensions/fxdriver@googlecode.com/components/driver-component.js:9650:3)
	at &lt;anonymous class&gt;.DelayedCommand.prototype.executeInternal_/h(file:///C:/Users/othnvun/AppData/Local/Temp/anonymous3166982313200375990webdriver-profile/extensions/fxdriver@googlecode.com/components/command-processor.js:11635:16)
	at &lt;anonymous class&gt;.DelayedCommand.prototype.executeInternal_(file:///C:/Users/othnvun/AppData/Local/Temp/anonymous3166982313200375990webdriver-profile/extensions/fxdriver@googlecode.com/components/command-processor.js:11640:7)
	at &lt;anonymous class&gt;.DelayedCommand.prototype.execute/&lt;(file:///C:/Users/othnvun/AppData/Local/Temp/anonymous3166982313200375990webdriver-profile/extensions/fxdriver@googlecode.com/components/command-processor.js:11582:5)
</failure>
    <system-out>{Successmess=//*[@id=&apos;provision:incProvision:j_id561&apos;]/tbody/tr/td/span, provisiontree=//*[@id=&apos;businessmanagerGateway:provisonTree:n-root:AUTO_03195&apos;], LifeLOB=//*[@id=&apos;businessmanagerGateway:provisonTree:n-0:AUTO_03195&apos;], BusinessManagerlink=//*[@id=&apos;mainMenu:menuBarEnroll:business:out&apos;], searchresults=//table[@id=&apos;searchProvision:incSearchProvision:provisionSearchResultDataBean&apos;]/tbody/tr, copypagecode=//*[@id=&apos;provision:incProvision:provisionCode&apos;], searchcodefield=//*[@id=&apos;searchProvision:incSearchProvision:provisionCode&apos;], provisionsearchbutton=//*[@id=&apos;searchProvision:incSearchProvision:searchButton&apos;], loginid=//*[@id=&apos;username&apos;], copybutton=//*[@id=&apos;searchProvision:incSearchProvision:copyButton&apos;], LOBtreepopulation=//div[@id=&apos;businessmanagerGateway:provisonTree&apos;]/div/div[2]/div/a/span, loginbtn=//*[@id=&apos;login_label&apos;], URL=https://securein.medavie.bluecross.ca:3443/MAAX, copysavestaybuton=//*[@id=&apos;provision:incProvision:savestayButton&apos;], copypagestatus=//*[@id=&apos;provision:incProvision:status&apos;], copypagedesc=//*[@id=&apos;provision:incProvision:provisionDescription&apos;], password=//*[@id=&apos;password&apos;]}
5
</system-out>
  </testcase>
</testsuite>